{"C:\\Users\\boitu\\OneDrive - University of Witwatersrand\\VS Code\\Stokvel Management Platform\\Stokvel-Management-Platform\\frontend\\js\\admin-dashboard.js": {"path":"C:\\Users\\boitu\\OneDrive - University of Witwatersrand\\VS Code\\Stokvel Management Platform\\Stokvel-Management-Platform\\frontend\\js\\admin-dashboard.js","statementMap":{"0":{"start":{"line":7,"column":2},"end":{"line":7,"column":63}},"1":{"start":{"line":11,"column":26},"end":{"line":11,"column":64}},"2":{"start":{"line":12,"column":26},"end":{"line":12,"column":63}},"3":{"start":{"line":13,"column":2},"end":{"line":13,"column":31}},"4":{"start":{"line":13,"column":24},"end":{"line":13,"column":31}},"5":{"start":{"line":15,"column":2},"end":{"line":15,"column":102}},"6":{"start":{"line":17,"column":17},"end":{"line":17,"column":19}},"7":{"start":{"line":18,"column":17},"end":{"line":18,"column":21}},"8":{"start":{"line":20,"column":2},"end":{"line":35,"column":3}},"9":{"start":{"line":21,"column":16},"end":{"line":21,"column":35}},"10":{"start":{"line":22,"column":4},"end":{"line":31,"column":8}},"11":{"start":{"line":22,"column":27},"end":{"line":31,"column":5}},"12":{"start":{"line":33,"column":4},"end":{"line":33,"column":45}},"13":{"start":{"line":34,"column":4},"end":{"line":34,"column":27}},"14":{"start":{"line":37,"column":2},"end":{"line":74,"column":3}},"15":{"start":{"line":38,"column":25},"end":{"line":38,"column":66}},"16":{"start":{"line":38,"column":49},"end":{"line":38,"column":62}},"17":{"start":{"line":39,"column":25},"end":{"line":39,"column":71}},"18":{"start":{"line":39,"column":49},"end":{"line":39,"column":67}},"19":{"start":{"line":40,"column":4},"end":{"line":73,"column":6}},"20":{"start":{"line":76,"column":2},"end":{"line":83,"column":3}},"21":{"start":{"line":77,"column":4},"end":{"line":81,"column":16}},"22":{"start":{"line":82,"column":4},"end":{"line":82,"column":11}},"23":{"start":{"line":85,"column":2},"end":{"line":93,"column":3}},"24":{"start":{"line":86,"column":4},"end":{"line":91,"column":18}},"25":{"start":{"line":92,"column":4},"end":{"line":92,"column":11}},"26":{"start":{"line":95,"column":2},"end":{"line":128,"column":14}},"27":{"start":{"line":95,"column":46},"end":{"line":128,"column":3}},"28":{"start":{"line":133,"column":16},"end":{"line":133,"column":64}},"29":{"start":{"line":134,"column":2},"end":{"line":134,"column":21}},"30":{"start":{"line":134,"column":14},"end":{"line":134,"column":21}},"31":{"start":{"line":136,"column":2},"end":{"line":188,"column":3}},"32":{"start":{"line":138,"column":71},"end":{"line":141,"column":6}},"33":{"start":{"line":143,"column":4},"end":{"line":143,"column":21}},"34":{"start":{"line":143,"column":12},"end":{"line":143,"column":21}},"35":{"start":{"line":145,"column":20},"end":{"line":145,"column":22}},"36":{"start":{"line":146,"column":4},"end":{"line":146,"column":65}},"37":{"start":{"line":146,"column":33},"end":{"line":146,"column":61}},"38":{"start":{"line":148,"column":4},"end":{"line":151,"column":5}},"39":{"start":{"line":149,"column":6},"end":{"line":149,"column":118}},"40":{"start":{"line":150,"column":6},"end":{"line":150,"column":13}},"41":{"start":{"line":153,"column":4},"end":{"line":185,"column":16}},"42":{"start":{"line":165,"column":25},"end":{"line":165,"column":50}},"43":{"start":{"line":166,"column":12},"end":{"line":182,"column":21}},"44":{"start":{"line":187,"column":4},"end":{"line":187,"column":133}},"45":{"start":{"line":191,"column":0},"end":{"line":203,"column":2}},"46":{"start":{"line":192,"column":2},"end":{"line":202,"column":3}},"47":{"start":{"line":193,"column":22},"end":{"line":196,"column":6}},"48":{"start":{"line":197,"column":4},"end":{"line":197,"column":27}},"49":{"start":{"line":197,"column":15},"end":{"line":197,"column":27}},"50":{"start":{"line":198,"column":4},"end":{"line":198,"column":44}},"51":{"start":{"line":200,"column":4},"end":{"line":200,"column":64}},"52":{"start":{"line":201,"column":4},"end":{"line":201,"column":28}}},"fnMap":{"0":{"name":"initDashboard","decl":{"start":{"line":6,"column":22},"end":{"line":6,"column":35}},"loc":{"start":{"line":6,"column":38},"end":{"line":8,"column":1}},"line":6},"1":{"name":"renderGroups","decl":{"start":{"line":10,"column":15},"end":{"line":10,"column":27}},"loc":{"start":{"line":10,"column":30},"end":{"line":129,"column":1}},"line":10},"2":{"name":"(anonymous_2)","decl":{"start":{"line":22,"column":21},"end":{"line":22,"column":22}},"loc":{"start":{"line":22,"column":27},"end":{"line":31,"column":5}},"line":22},"3":{"name":"(anonymous_3)","decl":{"start":{"line":38,"column":39},"end":{"line":38,"column":40}},"loc":{"start":{"line":38,"column":49},"end":{"line":38,"column":62}},"line":38},"4":{"name":"(anonymous_4)","decl":{"start":{"line":39,"column":39},"end":{"line":39,"column":40}},"loc":{"start":{"line":39,"column":49},"end":{"line":39,"column":67}},"line":39},"5":{"name":"(anonymous_5)","decl":{"start":{"line":95,"column":41},"end":{"line":95,"column":42}},"loc":{"start":{"line":95,"column":46},"end":{"line":128,"column":3}},"line":95},"6":{"name":"renderMemberRolePanel","decl":{"start":{"line":132,"column":15},"end":{"line":132,"column":36}},"loc":{"start":{"line":132,"column":39},"end":{"line":189,"column":1}},"line":132},"7":{"name":"(anonymous_7)","decl":{"start":{"line":146,"column":26},"end":{"line":146,"column":27}},"loc":{"start":{"line":146,"column":31},"end":{"line":146,"column":63}},"line":146},"8":{"name":"(anonymous_8)","decl":{"start":{"line":164,"column":24},"end":{"line":164,"column":25}},"loc":{"start":{"line":164,"column":29},"end":{"line":183,"column":11}},"line":164},"9":{"name":"(anonymous_9)","decl":{"start":{"line":191,"column":20},"end":{"line":191,"column":21}},"loc":{"start":{"line":191,"column":52},"end":{"line":203,"column":1}},"line":191}},"branchMap":{"0":{"loc":{"start":{"line":13,"column":2},"end":{"line":13,"column":31}},"type":"if","locations":[{"start":{"line":13,"column":2},"end":{"line":13,"column":31}},{"start":{},"end":{}}],"line":13},"1":{"loc":{"start":{"line":25,"column":20},"end":{"line":25,"column":79}},"type":"cond-expr","locations":[{"start":{"line":25,"column":53},"end":{"line":25,"column":75}},{"start":{"line":25,"column":78},"end":{"line":25,"column":79}}],"line":25},"2":{"loc":{"start":{"line":29,"column":20},"end":{"line":29,"column":41}},"type":"binary-expr","locations":[{"start":{"line":29,"column":20},"end":{"line":29,"column":33}},{"start":{"line":29,"column":37},"end":{"line":29,"column":41}}],"line":29},"3":{"loc":{"start":{"line":30,"column":20},"end":{"line":30,"column":40}},"type":"binary-expr","locations":[{"start":{"line":30,"column":20},"end":{"line":30,"column":28}},{"start":{"line":30,"column":32},"end":{"line":30,"column":40}}],"line":30},"4":{"loc":{"start":{"line":37,"column":2},"end":{"line":74,"column":3}},"type":"if","locations":[{"start":{"line":37,"column":2},"end":{"line":74,"column":3}},{"start":{},"end":{}}],"line":37},"5":{"loc":{"start":{"line":76,"column":2},"end":{"line":83,"column":3}},"type":"if","locations":[{"start":{"line":76,"column":2},"end":{"line":83,"column":3}},{"start":{},"end":{}}],"line":76},"6":{"loc":{"start":{"line":85,"column":2},"end":{"line":93,"column":3}},"type":"if","locations":[{"start":{"line":85,"column":2},"end":{"line":93,"column":3}},{"start":{},"end":{}}],"line":85},"7":{"loc":{"start":{"line":108,"column":31},"end":{"line":108,"column":57}},"type":"cond-expr","locations":[{"start":{"line":108,"column":49},"end":{"line":108,"column":52}},{"start":{"line":108,"column":55},"end":{"line":108,"column":57}}],"line":108},"8":{"loc":{"start":{"line":117,"column":10},"end":{"line":125,"column":19}},"type":"cond-expr","locations":[{"start":{"line":117,"column":25},"end":{"line":125,"column":14}},{"start":{"line":125,"column":17},"end":{"line":125,"column":19}}],"line":117},"9":{"loc":{"start":{"line":134,"column":2},"end":{"line":134,"column":21}},"type":"if","locations":[{"start":{"line":134,"column":2},"end":{"line":134,"column":21}},{"start":{},"end":{}}],"line":134},"10":{"loc":{"start":{"line":143,"column":4},"end":{"line":143,"column":21}},"type":"if","locations":[{"start":{"line":143,"column":4},"end":{"line":143,"column":21}},{"start":{},"end":{}}],"line":143},"11":{"loc":{"start":{"line":146,"column":5},"end":{"line":146,"column":16}},"type":"binary-expr","locations":[{"start":{"line":146,"column":5},"end":{"line":146,"column":10}},{"start":{"line":146,"column":14},"end":{"line":146,"column":16}}],"line":146},"12":{"loc":{"start":{"line":148,"column":4},"end":{"line":151,"column":5}},"type":"if","locations":[{"start":{"line":148,"column":4},"end":{"line":151,"column":5}},{"start":{},"end":{}}],"line":148},"13":{"loc":{"start":{"line":148,"column":8},"end":{"line":148,"column":40}},"type":"binary-expr","locations":[{"start":{"line":148,"column":8},"end":{"line":148,"column":16}},{"start":{"line":148,"column":20},"end":{"line":148,"column":40}}],"line":148},"14":{"loc":{"start":{"line":165,"column":25},"end":{"line":165,"column":50}},"type":"binary-expr","locations":[{"start":{"line":165,"column":25},"end":{"line":165,"column":38}},{"start":{"line":165,"column":42},"end":{"line":165,"column":50}}],"line":165},"15":{"loc":{"start":{"line":168,"column":67},"end":{"line":168,"column":85}},"type":"binary-expr","locations":[{"start":{"line":168,"column":67},"end":{"line":168,"column":78}},{"start":{"line":168,"column":82},"end":{"line":168,"column":85}}],"line":168},"16":{"loc":{"start":{"line":169,"column":91},"end":{"line":169,"column":105}},"type":"binary-expr","locations":[{"start":{"line":169,"column":91},"end":{"line":169,"column":98}},{"start":{"line":169,"column":102},"end":{"line":169,"column":105}}],"line":169},"17":{"loc":{"start":{"line":171,"column":39},"end":{"line":171,"column":119}},"type":"cond-expr","locations":[{"start":{"line":171,"column":58},"end":{"line":171,"column":73}},{"start":{"line":171,"column":76},"end":{"line":171,"column":119}}],"line":171},"18":{"loc":{"start":{"line":171,"column":76},"end":{"line":171,"column":119}},"type":"cond-expr","locations":[{"start":{"line":171,"column":99},"end":{"line":171,"column":114}},{"start":{"line":171,"column":117},"end":{"line":171,"column":119}}],"line":171},"19":{"loc":{"start":{"line":174,"column":20},"end":{"line":179,"column":33}},"type":"cond-expr","locations":[{"start":{"line":175,"column":22},"end":{"line":175,"column":87}},{"start":{"line":176,"column":22},"end":{"line":179,"column":33}}],"line":174},"20":{"loc":{"start":{"line":177,"column":52},"end":{"line":177,"column":90}},"type":"cond-expr","locations":[{"start":{"line":177,"column":75},"end":{"line":177,"column":85}},{"start":{"line":177,"column":88},"end":{"line":177,"column":90}}],"line":177},"21":{"loc":{"start":{"line":178,"column":52},"end":{"line":178,"column":90}},"type":"cond-expr","locations":[{"start":{"line":178,"column":75},"end":{"line":178,"column":85}},{"start":{"line":178,"column":88},"end":{"line":178,"column":90}}],"line":178},"22":{"loc":{"start":{"line":197,"column":4},"end":{"line":197,"column":27}},"type":"if","locations":[{"start":{"line":197,"column":4},"end":{"line":197,"column":27}},{"start":{},"end":{}}],"line":197}},"s":{"0":2,"1":2,"2":2,"3":2,"4":1,"5":1,"6":1,"7":1,"8":1,"9":1,"10":1,"11":0,"12":0,"13":0,"14":1,"15":1,"16":0,"17":1,"18":0,"19":1,"20":1,"21":0,"22":0,"23":1,"24":1,"25":1,"26":0,"27":0,"28":2,"29":2,"30":2,"31":0,"32":0,"33":0,"34":0,"35":0,"36":0,"37":0,"38":0,"39":0,"40":0,"41":0,"42":0,"43":0,"44":0,"45":1,"46":0,"47":0,"48":0,"49":0,"50":0,"51":0,"52":0},"f":{"0":2,"1":2,"2":0,"3":0,"4":0,"5":0,"6":2,"7":0,"8":0,"9":0},"b":{"0":[1,1],"1":[0,0],"2":[0,0],"3":[0,0],"4":[1,0],"5":[0,1],"6":[1,0],"7":[0,0],"8":[0,0],"9":[2,0],"10":[0,0],"11":[0,0],"12":[0,0],"13":[0,0],"14":[0,0],"15":[0,0],"16":[0,0],"17":[0,0],"18":[0,0],"19":[0,0],"20":[0,0],"21":[0,0],"22":[0,0]},"_coverageSchema":"1a1c01bbd47fc00a2c39e90264f33305004495a9","hash":"ce331765f8bca0b614fd2141d7a79360af515264"}
,"C:\\Users\\boitu\\OneDrive - University of Witwatersrand\\VS Code\\Stokvel Management Platform\\Stokvel-Management-Platform\\frontend\\js\\analytics.js": {"path":"C:\\Users\\boitu\\OneDrive - University of Witwatersrand\\VS Code\\Stokvel Management Platform\\Stokvel-Management-Platform\\frontend\\js\\analytics.js","statementMap":{"0":{"start":{"line":16,"column":22},"end":{"line":16,"column":24}},"1":{"start":{"line":17,"column":22},"end":{"line":17,"column":24}},"2":{"start":{"line":18,"column":22},"end":{"line":18,"column":24}},"3":{"start":{"line":21,"column":2},"end":{"line":21,"column":32}},"4":{"start":{"line":25,"column":17},"end":{"line":25,"column":66}},"5":{"start":{"line":26,"column":2},"end":{"line":26,"column":22}},"6":{"start":{"line":26,"column":15},"end":{"line":26,"column":22}},"7":{"start":{"line":28,"column":2},"end":{"line":44,"column":3}},"8":{"start":{"line":29,"column":19},"end":{"line":29,"column":38}},"9":{"start":{"line":30,"column":4},"end":{"line":34,"column":5}},"10":{"start":{"line":31,"column":6},"end":{"line":32,"column":70}},"11":{"start":{"line":33,"column":6},"end":{"line":33,"column":13}},"12":{"start":{"line":36,"column":4},"end":{"line":38,"column":15}},"13":{"start":{"line":37,"column":6},"end":{"line":37,"column":59}},"14":{"start":{"line":40,"column":4},"end":{"line":40,"column":74}},"15":{"start":{"line":40,"column":44},"end":{"line":40,"column":72}},"16":{"start":{"line":41,"column":4},"end":{"line":41,"column":39}},"17":{"start":{"line":43,"column":4},"end":{"line":43,"column":64}},"18":{"start":{"line":48,"column":40},"end":{"line":52,"column":4}},"19":{"start":{"line":54,"column":2},"end":{"line":54,"column":78}},"20":{"start":{"line":55,"column":2},"end":{"line":55,"column":78}},"21":{"start":{"line":56,"column":2},"end":{"line":56,"column":78}},"22":{"start":{"line":58,"column":2},"end":{"line":58,"column":26}},"23":{"start":{"line":59,"column":2},"end":{"line":59,"column":23}},"24":{"start":{"line":60,"column":2},"end":{"line":60,"column":22}},"25":{"start":{"line":64,"column":17},"end":{"line":64,"column":60}},"26":{"start":{"line":65,"column":17},"end":{"line":65,"column":62}},"27":{"start":{"line":66,"column":2},"end":{"line":66,"column":22}},"28":{"start":{"line":66,"column":15},"end":{"line":66,"column":22}},"29":{"start":{"line":67,"column":2},"end":{"line":67,"column":61}},"30":{"start":{"line":67,"column":29},"end":{"line":67,"column":61}},"31":{"start":{"line":68,"column":2},"end":{"line":72,"column":3}},"32":{"start":{"line":69,"column":4},"end":{"line":69,"column":34}},"33":{"start":{"line":70,"column":4},"end":{"line":70,"column":47}},"34":{"start":{"line":70,"column":16},"end":{"line":70,"column":47}},"35":{"start":{"line":71,"column":4},"end":{"line":71,"column":11}},"36":{"start":{"line":73,"column":2},"end":{"line":73,"column":33}},"37":{"start":{"line":74,"column":2},"end":{"line":74,"column":44}},"38":{"start":{"line":74,"column":14},"end":{"line":74,"column":44}},"39":{"start":{"line":75,"column":2},"end":{"line":86,"column":5}},"40":{"start":{"line":78,"column":39},"end":{"line":78,"column":45}},"41":{"start":{"line":80,"column":63},"end":{"line":80,"column":79}},"42":{"start":{"line":81,"column":63},"end":{"line":81,"column":69}},"43":{"start":{"line":82,"column":63},"end":{"line":82,"column":71}},"44":{"start":{"line":90,"column":17},"end":{"line":90,"column":57}},"45":{"start":{"line":91,"column":17},"end":{"line":91,"column":59}},"46":{"start":{"line":92,"column":2},"end":{"line":92,"column":22}},"47":{"start":{"line":92,"column":15},"end":{"line":92,"column":22}},"48":{"start":{"line":93,"column":2},"end":{"line":93,"column":61}},"49":{"start":{"line":93,"column":29},"end":{"line":93,"column":61}},"50":{"start":{"line":94,"column":2},"end":{"line":98,"column":3}},"51":{"start":{"line":95,"column":4},"end":{"line":95,"column":34}},"52":{"start":{"line":96,"column":4},"end":{"line":96,"column":47}},"53":{"start":{"line":96,"column":16},"end":{"line":96,"column":47}},"54":{"start":{"line":97,"column":4},"end":{"line":97,"column":11}},"55":{"start":{"line":99,"column":2},"end":{"line":99,"column":33}},"56":{"start":{"line":100,"column":2},"end":{"line":100,"column":44}},"57":{"start":{"line":100,"column":14},"end":{"line":100,"column":44}},"58":{"start":{"line":101,"column":2},"end":{"line":108,"column":5}},"59":{"start":{"line":104,"column":36},"end":{"line":104,"column":43}},"60":{"start":{"line":105,"column":79},"end":{"line":105,"column":93}},"61":{"start":{"line":112,"column":20},"end":{"line":112,"column":70}},"62":{"start":{"line":113,"column":2},"end":{"line":113,"column":25}},"63":{"start":{"line":113,"column":18},"end":{"line":113,"column":25}},"64":{"start":{"line":114,"column":2},"end":{"line":117,"column":3}},"65":{"start":{"line":115,"column":4},"end":{"line":115,"column":106}},"66":{"start":{"line":116,"column":4},"end":{"line":116,"column":11}},"67":{"start":{"line":118,"column":18},"end":{"line":118,"column":69}},"68":{"start":{"line":118,"column":42},"end":{"line":118,"column":61}},"69":{"start":{"line":119,"column":18},"end":{"line":119,"column":72}},"70":{"start":{"line":119,"column":42},"end":{"line":119,"column":64}},"71":{"start":{"line":120,"column":18},"end":{"line":120,"column":76}},"72":{"start":{"line":120,"column":47},"end":{"line":120,"column":72}},"73":{"start":{"line":121,"column":2},"end":{"line":133,"column":20}},"74":{"start":{"line":130,"column":22},"end":{"line":130,"column":118}},"75":{"start":{"line":131,"column":8},"end":{"line":131,"column":304}},"76":{"start":{"line":138,"column":0},"end":{"line":144,"column":2}},"77":{"start":{"line":139,"column":2},"end":{"line":139,"column":83}},"78":{"start":{"line":139,"column":33},"end":{"line":139,"column":73}},"79":{"start":{"line":139,"column":74},"end":{"line":139,"column":81}},"80":{"start":{"line":140,"column":2},"end":{"line":143,"column":36}},"81":{"start":{"line":142,"column":32},"end":{"line":142,"column":104}},"82":{"start":{"line":146,"column":0},"end":{"line":152,"column":2}},"83":{"start":{"line":147,"column":2},"end":{"line":147,"column":80}},"84":{"start":{"line":147,"column":30},"end":{"line":147,"column":70}},"85":{"start":{"line":147,"column":71},"end":{"line":147,"column":78}},"86":{"start":{"line":148,"column":2},"end":{"line":151,"column":32}},"87":{"start":{"line":150,"column":29},"end":{"line":150,"column":54}},"88":{"start":{"line":154,"column":0},"end":{"line":160,"column":2}},"89":{"start":{"line":155,"column":2},"end":{"line":155,"column":79}},"90":{"start":{"line":155,"column":29},"end":{"line":155,"column":69}},"91":{"start":{"line":155,"column":70},"end":{"line":155,"column":77}},"92":{"start":{"line":156,"column":2},"end":{"line":159,"column":28}},"93":{"start":{"line":158,"column":28},"end":{"line":158,"column":122}},"94":{"start":{"line":163,"column":15},"end":{"line":163,"column":98}},"95":{"start":{"line":163,"column":29},"end":{"line":163,"column":86}},"96":{"start":{"line":163,"column":40},"end":{"line":163,"column":75}},"97":{"start":{"line":164,"column":15},"end":{"line":164,"column":52}},"98":{"start":{"line":165,"column":15},"end":{"line":165,"column":40}},"99":{"start":{"line":166,"column":15},"end":{"line":166,"column":42}},"100":{"start":{"line":167,"column":2},"end":{"line":167,"column":15}},"101":{"start":{"line":167,"column":16},"end":{"line":167,"column":38}},"102":{"start":{"line":167,"column":39},"end":{"line":167,"column":49}},"103":{"start":{"line":168,"column":2},"end":{"line":168,"column":27}},"104":{"start":{"line":169,"column":2},"end":{"line":169,"column":38}},"105":{"start":{"line":173,"column":2},"end":{"line":173,"column":91}},"106":{"start":{"line":176,"column":2},"end":{"line":176,"column":57}}},"fnMap":{"0":{"name":"initAnalytics","decl":{"start":{"line":20,"column":22},"end":{"line":20,"column":35}},"loc":{"start":{"line":20,"column":38},"end":{"line":22,"column":1}},"line":20},"1":{"name":"populateGroupSelector","decl":{"start":{"line":24,"column":15},"end":{"line":24,"column":36}},"loc":{"start":{"line":24,"column":39},"end":{"line":45,"column":1}},"line":24},"2":{"name":"(anonymous_2)","decl":{"start":{"line":36,"column":34},"end":{"line":36,"column":35}},"loc":{"start":{"line":37,"column":6},"end":{"line":37,"column":59}},"line":37},"3":{"name":"(anonymous_3)","decl":{"start":{"line":40,"column":38},"end":{"line":40,"column":39}},"loc":{"start":{"line":40,"column":44},"end":{"line":40,"column":72}},"line":40},"4":{"name":"loadAllReports","decl":{"start":{"line":47,"column":15},"end":{"line":47,"column":29}},"loc":{"start":{"line":47,"column":39},"end":{"line":61,"column":1}},"line":47},"5":{"name":"renderComplianceChart","decl":{"start":{"line":63,"column":9},"end":{"line":63,"column":30}},"loc":{"start":{"line":63,"column":33},"end":{"line":87,"column":1}},"line":63},"6":{"name":"(anonymous_6)","decl":{"start":{"line":78,"column":34},"end":{"line":78,"column":35}},"loc":{"start":{"line":78,"column":39},"end":{"line":78,"column":45}},"line":78},"7":{"name":"(anonymous_7)","decl":{"start":{"line":80,"column":58},"end":{"line":80,"column":59}},"loc":{"start":{"line":80,"column":63},"end":{"line":80,"column":79}},"line":80},"8":{"name":"(anonymous_8)","decl":{"start":{"line":81,"column":58},"end":{"line":81,"column":59}},"loc":{"start":{"line":81,"column":63},"end":{"line":81,"column":69}},"line":81},"9":{"name":"(anonymous_9)","decl":{"start":{"line":82,"column":58},"end":{"line":82,"column":59}},"loc":{"start":{"line":82,"column":63},"end":{"line":82,"column":71}},"line":82},"10":{"name":"renderMonthlyChart","decl":{"start":{"line":89,"column":9},"end":{"line":89,"column":27}},"loc":{"start":{"line":89,"column":30},"end":{"line":109,"column":1}},"line":89},"11":{"name":"(anonymous_11)","decl":{"start":{"line":104,"column":31},"end":{"line":104,"column":32}},"loc":{"start":{"line":104,"column":36},"end":{"line":104,"column":43}},"line":104},"12":{"name":"(anonymous_12)","decl":{"start":{"line":105,"column":74},"end":{"line":105,"column":75}},"loc":{"start":{"line":105,"column":79},"end":{"line":105,"column":93}},"line":105},"13":{"name":"renderPayoutTable","decl":{"start":{"line":111,"column":9},"end":{"line":111,"column":26}},"loc":{"start":{"line":111,"column":29},"end":{"line":134,"column":1}},"line":111},"14":{"name":"(anonymous_14)","decl":{"start":{"line":118,"column":37},"end":{"line":118,"column":38}},"loc":{"start":{"line":118,"column":42},"end":{"line":118,"column":61}},"line":118},"15":{"name":"(anonymous_15)","decl":{"start":{"line":119,"column":37},"end":{"line":119,"column":38}},"loc":{"start":{"line":119,"column":42},"end":{"line":119,"column":64}},"line":119},"16":{"name":"(anonymous_16)","decl":{"start":{"line":120,"column":37},"end":{"line":120,"column":38}},"loc":{"start":{"line":120,"column":47},"end":{"line":120,"column":72}},"line":120},"17":{"name":"(anonymous_17)","decl":{"start":{"line":129,"column":31},"end":{"line":129,"column":32}},"loc":{"start":{"line":129,"column":36},"end":{"line":132,"column":7}},"line":129},"18":{"name":"(anonymous_18)","decl":{"start":{"line":138,"column":29},"end":{"line":138,"column":30}},"loc":{"start":{"line":138,"column":40},"end":{"line":144,"column":1}},"line":138},"19":{"name":"(anonymous_19)","decl":{"start":{"line":142,"column":27},"end":{"line":142,"column":28}},"loc":{"start":{"line":142,"column":32},"end":{"line":142,"column":104}},"line":142},"20":{"name":"(anonymous_20)","decl":{"start":{"line":146,"column":26},"end":{"line":146,"column":27}},"loc":{"start":{"line":146,"column":37},"end":{"line":152,"column":1}},"line":146},"21":{"name":"(anonymous_21)","decl":{"start":{"line":150,"column":24},"end":{"line":150,"column":25}},"loc":{"start":{"line":150,"column":29},"end":{"line":150,"column":54}},"line":150},"22":{"name":"(anonymous_22)","decl":{"start":{"line":154,"column":25},"end":{"line":154,"column":26}},"loc":{"start":{"line":154,"column":36},"end":{"line":160,"column":1}},"line":154},"23":{"name":"(anonymous_23)","decl":{"start":{"line":158,"column":23},"end":{"line":158,"column":24}},"loc":{"start":{"line":158,"column":28},"end":{"line":158,"column":122}},"line":158},"24":{"name":"downloadCSV","decl":{"start":{"line":162,"column":9},"end":{"line":162,"column":20}},"loc":{"start":{"line":162,"column":37},"end":{"line":170,"column":1}},"line":162},"25":{"name":"(anonymous_25)","decl":{"start":{"line":163,"column":24},"end":{"line":163,"column":25}},"loc":{"start":{"line":163,"column":29},"end":{"line":163,"column":86}},"line":163},"26":{"name":"(anonymous_26)","decl":{"start":{"line":163,"column":35},"end":{"line":163,"column":36}},"loc":{"start":{"line":163,"column":40},"end":{"line":163,"column":75}},"line":163},"27":{"name":"escHtml","decl":{"start":{"line":172,"column":9},"end":{"line":172,"column":16}},"loc":{"start":{"line":172,"column":22},"end":{"line":174,"column":1}},"line":172},"28":{"name":"capitalize","decl":{"start":{"line":175,"column":9},"end":{"line":175,"column":19}},"loc":{"start":{"line":175,"column":23},"end":{"line":177,"column":1}},"line":175}},"branchMap":{"0":{"loc":{"start":{"line":26,"column":2},"end":{"line":26,"column":22}},"type":"if","locations":[{"start":{"line":26,"column":2},"end":{"line":26,"column":22}},{"start":{},"end":{}}],"line":26},"1":{"loc":{"start":{"line":30,"column":4},"end":{"line":34,"column":5}},"type":"if","locations":[{"start":{"line":30,"column":4},"end":{"line":34,"column":5}},{"start":{},"end":{}}],"line":30},"2":{"loc":{"start":{"line":54,"column":20},"end":{"line":54,"column":77}},"type":"cond-expr","locations":[{"start":{"line":54,"column":56},"end":{"line":54,"column":72}},{"start":{"line":54,"column":75},"end":{"line":54,"column":77}}],"line":54},"3":{"loc":{"start":{"line":55,"column":20},"end":{"line":55,"column":77}},"type":"cond-expr","locations":[{"start":{"line":55,"column":56},"end":{"line":55,"column":69}},{"start":{"line":55,"column":75},"end":{"line":55,"column":77}}],"line":55},"4":{"loc":{"start":{"line":56,"column":20},"end":{"line":56,"column":77}},"type":"cond-expr","locations":[{"start":{"line":56,"column":56},"end":{"line":56,"column":68}},{"start":{"line":56,"column":75},"end":{"line":56,"column":77}}],"line":56},"5":{"loc":{"start":{"line":66,"column":2},"end":{"line":66,"column":22}},"type":"if","locations":[{"start":{"line":66,"column":2},"end":{"line":66,"column":22}},{"start":{},"end":{}}],"line":66},"6":{"loc":{"start":{"line":67,"column":2},"end":{"line":67,"column":61}},"type":"if","locations":[{"start":{"line":67,"column":2},"end":{"line":67,"column":61}},{"start":{},"end":{}}],"line":67},"7":{"loc":{"start":{"line":68,"column":2},"end":{"line":72,"column":3}},"type":"if","locations":[{"start":{"line":68,"column":2},"end":{"line":72,"column":3}},{"start":{},"end":{}}],"line":68},"8":{"loc":{"start":{"line":70,"column":4},"end":{"line":70,"column":47}},"type":"if","locations":[{"start":{"line":70,"column":4},"end":{"line":70,"column":47}},{"start":{},"end":{}}],"line":70},"9":{"loc":{"start":{"line":74,"column":2},"end":{"line":74,"column":44}},"type":"if","locations":[{"start":{"line":74,"column":2},"end":{"line":74,"column":44}},{"start":{},"end":{}}],"line":74},"10":{"loc":{"start":{"line":92,"column":2},"end":{"line":92,"column":22}},"type":"if","locations":[{"start":{"line":92,"column":2},"end":{"line":92,"column":22}},{"start":{},"end":{}}],"line":92},"11":{"loc":{"start":{"line":93,"column":2},"end":{"line":93,"column":61}},"type":"if","locations":[{"start":{"line":93,"column":2},"end":{"line":93,"column":61}},{"start":{},"end":{}}],"line":93},"12":{"loc":{"start":{"line":94,"column":2},"end":{"line":98,"column":3}},"type":"if","locations":[{"start":{"line":94,"column":2},"end":{"line":98,"column":3}},{"start":{},"end":{}}],"line":94},"13":{"loc":{"start":{"line":96,"column":4},"end":{"line":96,"column":47}},"type":"if","locations":[{"start":{"line":96,"column":4},"end":{"line":96,"column":47}},{"start":{},"end":{}}],"line":96},"14":{"loc":{"start":{"line":100,"column":2},"end":{"line":100,"column":44}},"type":"if","locations":[{"start":{"line":100,"column":2},"end":{"line":100,"column":44}},{"start":{},"end":{}}],"line":100},"15":{"loc":{"start":{"line":113,"column":2},"end":{"line":113,"column":25}},"type":"if","locations":[{"start":{"line":113,"column":2},"end":{"line":113,"column":25}},{"start":{},"end":{}}],"line":113},"16":{"loc":{"start":{"line":114,"column":2},"end":{"line":117,"column":3}},"type":"if","locations":[{"start":{"line":114,"column":2},"end":{"line":117,"column":3}},{"start":{},"end":{}}],"line":114},"17":{"loc":{"start":{"line":120,"column":58},"end":{"line":120,"column":71}},"type":"binary-expr","locations":[{"start":{"line":120,"column":58},"end":{"line":120,"column":66}},{"start":{"line":120,"column":70},"end":{"line":120,"column":71}}],"line":120},"18":{"loc":{"start":{"line":130,"column":22},"end":{"line":130,"column":118}},"type":"cond-expr","locations":[{"start":{"line":130,"column":44},"end":{"line":130,"column":59}},{"start":{"line":130,"column":62},"end":{"line":130,"column":118}}],"line":130},"19":{"loc":{"start":{"line":130,"column":62},"end":{"line":130,"column":118}},"type":"cond-expr","locations":[{"start":{"line":130,"column":87},"end":{"line":130,"column":100}},{"start":{"line":130,"column":103},"end":{"line":130,"column":118}}],"line":130},"20":{"loc":{"start":{"line":131,"column":56},"end":{"line":131,"column":84}},"type":"binary-expr","locations":[{"start":{"line":131,"column":56},"end":{"line":131,"column":77}},{"start":{"line":131,"column":81},"end":{"line":131,"column":84}}],"line":131},"21":{"loc":{"start":{"line":131,"column":97},"end":{"line":131,"column":150}},"type":"cond-expr","locations":[{"start":{"line":131,"column":116},"end":{"line":131,"column":144}},{"start":{"line":131,"column":147},"end":{"line":131,"column":150}}],"line":131},"22":{"loc":{"start":{"line":131,"column":182},"end":{"line":131,"column":223}},"type":"cond-expr","locations":[{"start":{"line":131,"column":193},"end":{"line":131,"column":217}},{"start":{"line":131,"column":220},"end":{"line":131,"column":223}}],"line":131},"23":{"loc":{"start":{"line":139,"column":2},"end":{"line":139,"column":83}},"type":"if","locations":[{"start":{"line":139,"column":2},"end":{"line":139,"column":83}},{"start":{},"end":{}}],"line":139},"24":{"loc":{"start":{"line":147,"column":2},"end":{"line":147,"column":80}},"type":"if","locations":[{"start":{"line":147,"column":2},"end":{"line":147,"column":80}},{"start":{},"end":{}}],"line":147},"25":{"loc":{"start":{"line":155,"column":2},"end":{"line":155,"column":79}},"type":"if","locations":[{"start":{"line":155,"column":2},"end":{"line":155,"column":79}},{"start":{},"end":{}}],"line":155},"26":{"loc":{"start":{"line":158,"column":41},"end":{"line":158,"column":69}},"type":"binary-expr","locations":[{"start":{"line":158,"column":41},"end":{"line":158,"column":62}},{"start":{"line":158,"column":66},"end":{"line":158,"column":69}}],"line":158},"27":{"loc":{"start":{"line":158,"column":71},"end":{"line":158,"column":94}},"type":"binary-expr","locations":[{"start":{"line":158,"column":71},"end":{"line":158,"column":87}},{"start":{"line":158,"column":91},"end":{"line":158,"column":94}}],"line":158},"28":{"loc":{"start":{"line":158,"column":96},"end":{"line":158,"column":111}},"type":"binary-expr","locations":[{"start":{"line":158,"column":96},"end":{"line":158,"column":104}},{"start":{"line":158,"column":108},"end":{"line":158,"column":111}}],"line":158},"29":{"loc":{"start":{"line":173,"column":16},"end":{"line":173,"column":25}},"type":"binary-expr","locations":[{"start":{"line":173,"column":16},"end":{"line":173,"column":19}},{"start":{"line":173,"column":23},"end":{"line":173,"column":25}}],"line":173},"30":{"loc":{"start":{"line":176,"column":9},"end":{"line":176,"column":56}},"type":"cond-expr","locations":[{"start":{"line":176,"column":13},"end":{"line":176,"column":51}},{"start":{"line":176,"column":54},"end":{"line":176,"column":56}}],"line":176}},"s":{"0":1,"1":1,"2":1,"3":10,"4":10,"5":10,"6":1,"7":9,"8":9,"9":9,"10":1,"11":1,"12":8,"13":8,"14":8,"15":0,"16":8,"17":0,"18":8,"19":8,"20":8,"21":8,"22":8,"23":8,"24":8,"25":8,"26":8,"27":8,"28":0,"29":8,"30":0,"31":8,"32":6,"33":6,"34":6,"35":6,"36":2,"37":2,"38":2,"39":2,"40":2,"41":2,"42":2,"43":2,"44":8,"45":8,"46":8,"47":0,"48":8,"49":0,"50":8,"51":6,"52":6,"53":6,"54":6,"55":2,"56":2,"57":2,"58":2,"59":2,"60":2,"61":8,"62":8,"63":0,"64":8,"65":6,"66":6,"67":2,"68":2,"69":2,"70":2,"71":2,"72":2,"73":2,"74":2,"75":2,"76":1,"77":1,"78":0,"79":0,"80":1,"81":1,"82":1,"83":1,"84":0,"85":0,"86":1,"87":1,"88":1,"89":1,"90":0,"91":0,"92":1,"93":1,"94":3,"95":6,"96":26,"97":3,"98":3,"99":3,"100":3,"101":3,"102":3,"103":3,"104":3,"105":13,"106":5},"f":{"0":10,"1":10,"2":8,"3":0,"4":8,"5":8,"6":2,"7":2,"8":2,"9":2,"10":8,"11":2,"12":2,"13":8,"14":2,"15":2,"16":2,"17":2,"18":1,"19":1,"20":1,"21":1,"22":1,"23":1,"24":3,"25":6,"26":26,"27":13,"28":5},"b":{"0":[1,9],"1":[1,8],"2":[8,0],"3":[8,0],"4":[8,0],"5":[0,8],"6":[0,8],"7":[6,2],"8":[6,0],"9":[2,0],"10":[0,8],"11":[0,8],"12":[6,2],"13":[6,0],"14":[2,0],"15":[0,8],"16":[6,2],"17":[2,0],"18":[2,0],"19":[0,0],"20":[2,0],"21":[2,0],"22":[2,0],"23":[0,1],"24":[0,1],"25":[0,1],"26":[1,0],"27":[1,0],"28":[1,0],"29":[13,0],"30":[3,2]},"_coverageSchema":"1a1c01bbd47fc00a2c39e90264f33305004495a9","hash":"8c6fad6a8ea2618d777dbad4e2c8676c3f66cae8"}
,"C:\\Users\\boitu\\OneDrive - University of Witwatersrand\\VS Code\\Stokvel Management Platform\\Stokvel-Management-Platform\\frontend\\js\\auth.js": {"path":"C:\\Users\\boitu\\OneDrive - University of Witwatersrand\\VS Code\\Stokvel Management Platform\\Stokvel-Management-Platform\\frontend\\js\\auth.js","statementMap":{"0":{"start":{"line":10,"column":20},"end":{"line":10,"column":64}},"1":{"start":{"line":11,"column":2},"end":{"line":23,"column":3}},"2":{"start":{"line":12,"column":4},"end":{"line":22,"column":7}},"3":{"start":{"line":13,"column":6},"end":{"line":13,"column":32}},"4":{"start":{"line":14,"column":6},"end":{"line":14,"column":44}},"5":{"start":{"line":15,"column":6},"end":{"line":21,"column":7}},"6":{"start":{"line":16,"column":8},"end":{"line":16,"column":33}},"7":{"start":{"line":18,"column":8},"end":{"line":18,"column":46}},"8":{"start":{"line":19,"column":8},"end":{"line":19,"column":35}},"9":{"start":{"line":20,"column":8},"end":{"line":20,"column":54}},"10":{"start":{"line":25,"column":2},"end":{"line":61,"column":5}},"11":{"start":{"line":26,"column":4},"end":{"line":60,"column":5}},"12":{"start":{"line":27,"column":25},"end":{"line":27,"column":41}},"13":{"start":{"line":29,"column":6},"end":{"line":36,"column":10}},"14":{"start":{"line":35,"column":39},"end":{"line":35,"column":43}},"15":{"start":{"line":39,"column":27},"end":{"line":39,"column":71}},"16":{"start":{"line":40,"column":6},"end":{"line":53,"column":7}},"17":{"start":{"line":41,"column":8},"end":{"line":41,"column":56}},"18":{"start":{"line":42,"column":8},"end":{"line":52,"column":9}},"19":{"start":{"line":43,"column":25},"end":{"line":43,"column":61}},"20":{"start":{"line":44,"column":10},"end":{"line":49,"column":11}},"21":{"start":{"line":45,"column":12},"end":{"line":45,"column":39}},"22":{"start":{"line":46,"column":27},"end":{"line":46,"column":83}},"23":{"start":{"line":47,"column":12},"end":{"line":47,"column":39}},"24":{"start":{"line":48,"column":12},"end":{"line":48,"column":73}},"25":{"start":{"line":51,"column":10},"end":{"line":51,"column":76}},"26":{"start":{"line":55,"column":6},"end":{"line":59,"column":7}},"27":{"start":{"line":56,"column":26},"end":{"line":56,"column":72}},"28":{"start":{"line":56,"column":77},"end":{"line":56,"column":83}},"29":{"start":{"line":57,"column":26},"end":{"line":57,"column":76}},"30":{"start":{"line":57,"column":77},"end":{"line":57,"column":83}},"31":{"start":{"line":58,"column":26},"end":{"line":58,"column":73}},"32":{"start":{"line":58,"column":77},"end":{"line":58,"column":83}},"33":{"start":{"line":66,"column":13},"end":{"line":76,"column":1}},"34":{"start":{"line":78,"column":18},"end":{"line":103,"column":1}},"35":{"start":{"line":106,"column":15},"end":{"line":106,"column":73}},"36":{"start":{"line":107,"column":2},"end":{"line":107,"column":61}},"37":{"start":{"line":107,"column":15},"end":{"line":107,"column":51}},"38":{"start":{"line":107,"column":52},"end":{"line":107,"column":59}},"39":{"start":{"line":110,"column":23},"end":{"line":110,"column":59}},"40":{"start":{"line":111,"column":23},"end":{"line":111,"column":59}},"41":{"start":{"line":112,"column":23},"end":{"line":112,"column":61}},"42":{"start":{"line":113,"column":2},"end":{"line":113,"column":81}},"43":{"start":{"line":113,"column":20},"end":{"line":113,"column":81}},"44":{"start":{"line":114,"column":2},"end":{"line":114,"column":81}},"45":{"start":{"line":114,"column":20},"end":{"line":114,"column":81}},"46":{"start":{"line":115,"column":2},"end":{"line":115,"column":66}},"47":{"start":{"line":115,"column":20},"end":{"line":115,"column":66}},"48":{"start":{"line":118,"column":21},"end":{"line":118,"column":72}},"49":{"start":{"line":119,"column":2},"end":{"line":119,"column":26}},"50":{"start":{"line":119,"column":19},"end":{"line":119,"column":26}},"51":{"start":{"line":121,"column":21},"end":{"line":121,"column":61}},"52":{"start":{"line":122,"column":22},"end":{"line":122,"column":79}},"53":{"start":{"line":124,"column":2},"end":{"line":132,"column":24}},"54":{"start":{"line":126,"column":24},"end":{"line":132,"column":11}},"55":{"start":{"line":136,"column":2},"end":{"line":139,"column":5}},"56":{"start":{"line":137,"column":4},"end":{"line":137,"column":44}},"57":{"start":{"line":138,"column":4},"end":{"line":138,"column":40}},"58":{"start":{"line":143,"column":2},"end":{"line":143,"column":57}}},"fnMap":{"0":{"name":"initLoginPage","decl":{"start":{"line":9,"column":16},"end":{"line":9,"column":29}},"loc":{"start":{"line":9,"column":32},"end":{"line":62,"column":1}},"line":9},"1":{"name":"(anonymous_1)","decl":{"start":{"line":12,"column":40},"end":{"line":12,"column":41}},"loc":{"start":{"line":12,"column":52},"end":{"line":22,"column":5}},"line":12},"2":{"name":"(anonymous_2)","decl":{"start":{"line":25,"column":20},"end":{"line":25,"column":21}},"loc":{"start":{"line":25,"column":65},"end":{"line":61,"column":3}},"line":25},"3":{"name":"(anonymous_3)","decl":{"start":{"line":35,"column":34},"end":{"line":35,"column":35}},"loc":{"start":{"line":35,"column":39},"end":{"line":35,"column":43}},"line":35},"4":{"name":"checkAuth","decl":{"start":{"line":105,"column":16},"end":{"line":105,"column":25}},"loc":{"start":{"line":105,"column":28},"end":{"line":133,"column":1}},"line":105},"5":{"name":"(anonymous_5)","decl":{"start":{"line":126,"column":16},"end":{"line":126,"column":17}},"loc":{"start":{"line":126,"column":24},"end":{"line":132,"column":11}},"line":126},"6":{"name":"logout","decl":{"start":{"line":135,"column":16},"end":{"line":135,"column":22}},"loc":{"start":{"line":135,"column":25},"end":{"line":140,"column":1}},"line":135},"7":{"name":"(anonymous_7)","decl":{"start":{"line":136,"column":20},"end":{"line":136,"column":21}},"loc":{"start":{"line":136,"column":26},"end":{"line":139,"column":3}},"line":136},"8":{"name":"capitalize","decl":{"start":{"line":142,"column":9},"end":{"line":142,"column":19}},"loc":{"start":{"line":142,"column":23},"end":{"line":144,"column":1}},"line":142}},"branchMap":{"0":{"loc":{"start":{"line":11,"column":2},"end":{"line":23,"column":3}},"type":"if","locations":[{"start":{"line":11,"column":2},"end":{"line":23,"column":3}},{"start":{},"end":{}}],"line":11},"1":{"loc":{"start":{"line":26,"column":4},"end":{"line":60,"column":5}},"type":"if","locations":[{"start":{"line":26,"column":4},"end":{"line":60,"column":5}},{"start":{},"end":{}}],"line":26},"2":{"loc":{"start":{"line":27,"column":25},"end":{"line":27,"column":41}},"type":"binary-expr","locations":[{"start":{"line":27,"column":25},"end":{"line":27,"column":29}},{"start":{"line":27,"column":33},"end":{"line":27,"column":41}}],"line":27},"3":{"loc":{"start":{"line":31,"column":16},"end":{"line":31,"column":81}},"type":"binary-expr","locations":[{"start":{"line":31,"column":16},"end":{"line":31,"column":34}},{"start":{"line":31,"column":38},"end":{"line":31,"column":75}},{"start":{"line":31,"column":79},"end":{"line":31,"column":81}}],"line":31},"4":{"loc":{"start":{"line":34,"column":17},"end":{"line":34,"column":84}},"type":"binary-expr","locations":[{"start":{"line":34,"column":17},"end":{"line":34,"column":35}},{"start":{"line":34,"column":39},"end":{"line":34,"column":76}},{"start":{"line":34,"column":80},"end":{"line":34,"column":84}}],"line":34},"5":{"loc":{"start":{"line":40,"column":6},"end":{"line":53,"column":7}},"type":"if","locations":[{"start":{"line":40,"column":6},"end":{"line":53,"column":7}},{"start":{},"end":{}}],"line":40},"6":{"loc":{"start":{"line":44,"column":10},"end":{"line":49,"column":11}},"type":"if","locations":[{"start":{"line":44,"column":10},"end":{"line":49,"column":11}},{"start":{},"end":{}}],"line":44},"7":{"loc":{"start":{"line":46,"column":38},"end":{"line":46,"column":82}},"type":"binary-expr","locations":[{"start":{"line":46,"column":38},"end":{"line":46,"column":74}},{"start":{"line":46,"column":78},"end":{"line":46,"column":82}}],"line":46},"8":{"loc":{"start":{"line":55,"column":6},"end":{"line":59,"column":7}},"type":"switch","locations":[{"start":{"line":56,"column":8},"end":{"line":56,"column":83}},{"start":{"line":57,"column":8},"end":{"line":57,"column":83}},{"start":{"line":58,"column":8},"end":{"line":58,"column":83}}],"line":55},"9":{"loc":{"start":{"line":106,"column":26},"end":{"line":106,"column":72}},"type":"binary-expr","locations":[{"start":{"line":106,"column":26},"end":{"line":106,"column":62}},{"start":{"line":106,"column":66},"end":{"line":106,"column":72}}],"line":106},"10":{"loc":{"start":{"line":107,"column":2},"end":{"line":107,"column":61}},"type":"if","locations":[{"start":{"line":107,"column":2},"end":{"line":107,"column":61}},{"start":{},"end":{}}],"line":107},"11":{"loc":{"start":{"line":113,"column":2},"end":{"line":113,"column":81}},"type":"if","locations":[{"start":{"line":113,"column":2},"end":{"line":113,"column":81}},{"start":{},"end":{}}],"line":113},"12":{"loc":{"start":{"line":113,"column":47},"end":{"line":113,"column":80}},"type":"binary-expr","locations":[{"start":{"line":113,"column":47},"end":{"line":113,"column":56}},{"start":{"line":113,"column":60},"end":{"line":113,"column":70}},{"start":{"line":113,"column":74},"end":{"line":113,"column":80}}],"line":113},"13":{"loc":{"start":{"line":114,"column":2},"end":{"line":114,"column":81}},"type":"if","locations":[{"start":{"line":114,"column":2},"end":{"line":114,"column":81}},{"start":{},"end":{}}],"line":114},"14":{"loc":{"start":{"line":114,"column":58},"end":{"line":114,"column":79}},"type":"binary-expr","locations":[{"start":{"line":114,"column":58},"end":{"line":114,"column":67}},{"start":{"line":114,"column":71},"end":{"line":114,"column":79}}],"line":114},"15":{"loc":{"start":{"line":115,"column":2},"end":{"line":115,"column":66}},"type":"if","locations":[{"start":{"line":115,"column":2},"end":{"line":115,"column":66}},{"start":{},"end":{}}],"line":115},"16":{"loc":{"start":{"line":115,"column":47},"end":{"line":115,"column":65}},"type":"binary-expr","locations":[{"start":{"line":115,"column":47},"end":{"line":115,"column":58}},{"start":{"line":115,"column":62},"end":{"line":115,"column":65}}],"line":115},"17":{"loc":{"start":{"line":119,"column":2},"end":{"line":119,"column":26}},"type":"if","locations":[{"start":{"line":119,"column":2},"end":{"line":119,"column":26}},{"start":{},"end":{}}],"line":119},"18":{"loc":{"start":{"line":121,"column":21},"end":{"line":121,"column":61}},"type":"binary-expr","locations":[{"start":{"line":121,"column":21},"end":{"line":121,"column":41}},{"start":{"line":121,"column":45},"end":{"line":121,"column":61}}],"line":121},"19":{"loc":{"start":{"line":122,"column":22},"end":{"line":122,"column":79}},"type":"binary-expr","locations":[{"start":{"line":122,"column":22},"end":{"line":122,"column":63}},{"start":{"line":122,"column":67},"end":{"line":122,"column":79}}],"line":122},"20":{"loc":{"start":{"line":127,"column":46},"end":{"line":127,"column":88}},"type":"cond-expr","locations":[{"start":{"line":127,"column":74},"end":{"line":127,"column":83}},{"start":{"line":127,"column":86},"end":{"line":127,"column":88}}],"line":127},"21":{"loc":{"start":{"line":143,"column":9},"end":{"line":143,"column":56}},"type":"cond-expr","locations":[{"start":{"line":143,"column":13},"end":{"line":143,"column":51}},{"start":{"line":143,"column":54},"end":{"line":143,"column":56}}],"line":143}},"s":{"0":0,"1":0,"2":0,"3":0,"4":0,"5":0,"6":0,"7":0,"8":0,"9":0,"10":0,"11":0,"12":0,"13":0,"14":0,"15":0,"16":0,"17":0,"18":0,"19":0,"20":0,"21":0,"22":0,"23":0,"24":0,"25":0,"26":0,"27":0,"28":0,"29":0,"30":0,"31":0,"32":0,"33":1,"34":1,"35":3,"36":2,"37":1,"38":1,"39":1,"40":1,"41":1,"42":1,"43":1,"44":1,"45":1,"46":1,"47":1,"48":1,"49":1,"50":1,"51":0,"52":0,"53":0,"54":0,"55":2,"56":2,"57":2,"58":1},"f":{"0":0,"1":0,"2":0,"3":0,"4":3,"5":0,"6":2,"7":2,"8":1},"b":{"0":[0,0],"1":[0,0],"2":[0,0],"3":[0,0,0],"4":[0,0,0],"5":[0,0],"6":[0,0],"7":[0,0],"8":[0,0,0],"9":[3,1],"10":[1,1],"11":[1,0],"12":[1,0,0],"13":[1,0],"14":[1,0],"15":[1,0],"16":[1,0],"17":[1,0],"18":[0,0],"19":[0,0],"20":[0,0],"21":[1,0]},"_coverageSchema":"1a1c01bbd47fc00a2c39e90264f33305004495a9","hash":"d82359c8b222b28e379c3da41a369108367d4a74"}
,"C:\\Users\\boitu\\OneDrive - University of Witwatersrand\\VS Code\\Stokvel Management Platform\\Stokvel-Management-Platform\\frontend\\js\\contributions.js": {"path":"C:\\Users\\boitu\\OneDrive - University of Witwatersrand\\VS Code\\Stokvel Management Platform\\Stokvel-Management-Platform\\frontend\\js\\contributions.js","statementMap":{"0":{"start":{"line":16,"column":23},"end":{"line":16,"column":66}},"1":{"start":{"line":17,"column":23},"end":{"line":17,"column":33}},"2":{"start":{"line":18,"column":23},"end":{"line":18,"column":38}},"3":{"start":{"line":19,"column":23},"end":{"line":19,"column":64}},"4":{"start":{"line":20,"column":23},"end":{"line":20,"column":64}},"5":{"start":{"line":23,"column":2},"end":{"line":23,"column":118}},"6":{"start":{"line":23,"column":8},"end":{"line":23,"column":89}},"7":{"start":{"line":23,"column":100},"end":{"line":23,"column":116}},"8":{"start":{"line":26,"column":2},"end":{"line":26,"column":106}},"9":{"start":{"line":26,"column":8},"end":{"line":26,"column":83}},"10":{"start":{"line":26,"column":94},"end":{"line":26,"column":104}},"11":{"start":{"line":29,"column":2},"end":{"line":29,"column":107}},"12":{"start":{"line":29,"column":8},"end":{"line":29,"column":84}},"13":{"start":{"line":29,"column":95},"end":{"line":29,"column":105}},"14":{"start":{"line":33,"column":20},"end":{"line":33,"column":71}},"15":{"start":{"line":34,"column":20},"end":{"line":34,"column":66}},"16":{"start":{"line":35,"column":20},"end":{"line":35,"column":65}},"17":{"start":{"line":36,"column":20},"end":{"line":36,"column":60}},"18":{"start":{"line":37,"column":20},"end":{"line":37,"column":66}},"19":{"start":{"line":38,"column":20},"end":{"line":38,"column":71}},"20":{"start":{"line":40,"column":2},"end":{"line":40,"column":25}},"21":{"start":{"line":40,"column":18},"end":{"line":40,"column":25}},"22":{"start":{"line":42,"column":2},"end":{"line":42,"column":142}},"23":{"start":{"line":44,"column":22},"end":{"line":44,"column":31}},"24":{"start":{"line":45,"column":22},"end":{"line":45,"column":62}},"25":{"start":{"line":48,"column":2},"end":{"line":52,"column":3}},"26":{"start":{"line":49,"column":4},"end":{"line":51,"column":80}},"27":{"start":{"line":54,"column":22},"end":{"line":54,"column":24}},"28":{"start":{"line":55,"column":2},"end":{"line":62,"column":3}},"29":{"start":{"line":56,"column":4},"end":{"line":56,"column":91}},"30":{"start":{"line":58,"column":4},"end":{"line":59,"column":63}},"31":{"start":{"line":60,"column":4},"end":{"line":60,"column":57}},"32":{"start":{"line":61,"column":4},"end":{"line":61,"column":11}},"33":{"start":{"line":64,"column":15},"end":{"line":71,"column":5}},"34":{"start":{"line":64,"column":39},"end":{"line":71,"column":3}},"35":{"start":{"line":73,"column":2},"end":{"line":73,"column":34}},"36":{"start":{"line":74,"column":2},"end":{"line":74,"column":41}},"37":{"start":{"line":76,"column":2},"end":{"line":76,"column":90}},"38":{"start":{"line":76,"column":17},"end":{"line":76,"column":90}},"39":{"start":{"line":76,"column":60},"end":{"line":76,"column":88}},"40":{"start":{"line":78,"column":2},"end":{"line":78,"column":21}},"41":{"start":{"line":80,"column":19},"end":{"line":80,"column":66}},"42":{"start":{"line":80,"column":36},"end":{"line":80,"column":58}},"43":{"start":{"line":81,"column":19},"end":{"line":81,"column":65}},"44":{"start":{"line":81,"column":41},"end":{"line":81,"column":61}},"45":{"start":{"line":82,"column":2},"end":{"line":82,"column":66}},"46":{"start":{"line":82,"column":17},"end":{"line":82,"column":66}},"47":{"start":{"line":83,"column":2},"end":{"line":83,"column":53}},"48":{"start":{"line":83,"column":17},"end":{"line":83,"column":53}},"49":{"start":{"line":84,"column":2},"end":{"line":84,"column":49}},"50":{"start":{"line":84,"column":17},"end":{"line":84,"column":49}},"51":{"start":{"line":87,"column":2},"end":{"line":87,"column":23}},"52":{"start":{"line":93,"column":22},"end":{"line":93,"column":73}},"53":{"start":{"line":94,"column":2},"end":{"line":94,"column":25}},"54":{"start":{"line":94,"column":18},"end":{"line":94,"column":25}},"55":{"start":{"line":96,"column":22},"end":{"line":96,"column":52}},"56":{"start":{"line":97,"column":22},"end":{"line":97,"column":50}},"57":{"start":{"line":99,"column":19},"end":{"line":99,"column":96}},"58":{"start":{"line":99,"column":62},"end":{"line":99,"column":95}},"59":{"start":{"line":101,"column":2},"end":{"line":105,"column":3}},"60":{"start":{"line":102,"column":4},"end":{"line":103,"column":86}},"61":{"start":{"line":104,"column":4},"end":{"line":104,"column":11}},"62":{"start":{"line":107,"column":2},"end":{"line":137,"column":14}},"63":{"start":{"line":108,"column":23},"end":{"line":109,"column":81}},"64":{"start":{"line":111,"column":22},"end":{"line":111,"column":72}},"65":{"start":{"line":114,"column":19},"end":{"line":116,"column":10}},"66":{"start":{"line":118,"column":23},"end":{"line":126,"column":35}},"67":{"start":{"line":128,"column":4},"end":{"line":136,"column":13}},"68":{"start":{"line":142,"column":0},"end":{"line":176,"column":2}},"69":{"start":{"line":143,"column":20},"end":{"line":143,"column":44}},"70":{"start":{"line":144,"column":20},"end":{"line":144,"column":34}},"71":{"start":{"line":147,"column":15},"end":{"line":147,"column":45}},"72":{"start":{"line":148,"column":2},"end":{"line":148,"column":23}},"73":{"start":{"line":149,"column":2},"end":{"line":149,"column":28}},"74":{"start":{"line":151,"column":17},"end":{"line":163,"column":3}},"75":{"start":{"line":165,"column":2},"end":{"line":172,"column":3}},"76":{"start":{"line":166,"column":4},"end":{"line":166,"column":25}},"77":{"start":{"line":166,"column":16},"end":{"line":166,"column":25}},"78":{"start":{"line":167,"column":18},"end":{"line":167,"column":49}},"79":{"start":{"line":168,"column":4},"end":{"line":168,"column":27}},"80":{"start":{"line":169,"column":4},"end":{"line":169,"column":22}},"81":{"start":{"line":170,"column":4},"end":{"line":170,"column":24}},"82":{"start":{"line":171,"column":4},"end":{"line":171,"column":28}},"83":{"start":{"line":174,"column":2},"end":{"line":174,"column":34}},"84":{"start":{"line":175,"column":2},"end":{"line":175,"column":16}},"85":{"start":{"line":180,"column":22},"end":{"line":180,"column":65}},"86":{"start":{"line":181,"column":22},"end":{"line":181,"column":48}},"87":{"start":{"line":182,"column":2},"end":{"line":182,"column":25}},"88":{"start":{"line":182,"column":18},"end":{"line":182,"column":25}},"89":{"start":{"line":184,"column":2},"end":{"line":195,"column":3}},"90":{"start":{"line":185,"column":4},"end":{"line":185,"column":59}},"91":{"start":{"line":186,"column":4},"end":{"line":186,"column":82}},"92":{"start":{"line":187,"column":4},"end":{"line":187,"column":66}},"93":{"start":{"line":189,"column":17},"end":{"line":189,"column":47}},"94":{"start":{"line":190,"column":17},"end":{"line":190,"column":51}},"95":{"start":{"line":190,"column":32},"end":{"line":190,"column":50}},"96":{"start":{"line":191,"column":4},"end":{"line":191,"column":38}},"97":{"start":{"line":191,"column":13},"end":{"line":191,"column":38}},"98":{"start":{"line":192,"column":4},"end":{"line":192,"column":23}},"99":{"start":{"line":194,"column":4},"end":{"line":194,"column":65}},"100":{"start":{"line":200,"column":0},"end":{"line":210,"column":2}},"101":{"start":{"line":201,"column":2},"end":{"line":209,"column":3}},"102":{"start":{"line":202,"column":4},"end":{"line":202,"column":52}},"103":{"start":{"line":203,"column":4},"end":{"line":203,"column":71}},"104":{"start":{"line":204,"column":16},"end":{"line":204,"column":71}},"105":{"start":{"line":204,"column":59},"end":{"line":204,"column":70}},"106":{"start":{"line":205,"column":4},"end":{"line":205,"column":38}},"107":{"start":{"line":205,"column":13},"end":{"line":205,"column":38}},"108":{"start":{"line":206,"column":4},"end":{"line":206,"column":80}},"109":{"start":{"line":208,"column":4},"end":{"line":208,"column":60}},"110":{"start":{"line":212,"column":0},"end":{"line":222,"column":2}},"111":{"start":{"line":213,"column":2},"end":{"line":221,"column":3}},"112":{"start":{"line":214,"column":4},"end":{"line":214,"column":49}},"113":{"start":{"line":215,"column":4},"end":{"line":215,"column":59}},"114":{"start":{"line":216,"column":16},"end":{"line":216,"column":71}},"115":{"start":{"line":216,"column":59},"end":{"line":216,"column":70}},"116":{"start":{"line":217,"column":4},"end":{"line":217,"column":35}},"117":{"start":{"line":217,"column":13},"end":{"line":217,"column":35}},"118":{"start":{"line":218,"column":4},"end":{"line":218,"column":80}},"119":{"start":{"line":220,"column":4},"end":{"line":220,"column":57}},"120":{"start":{"line":227,"column":2},"end":{"line":227,"column":114}},"121":{"start":{"line":230,"column":2},"end":{"line":230,"column":57}}},"fnMap":{"0":{"name":"getRole","decl":{"start":{"line":22,"column":9},"end":{"line":22,"column":16}},"loc":{"start":{"line":22,"column":19},"end":{"line":24,"column":1}},"line":22},"1":{"name":"getUserName","decl":{"start":{"line":25,"column":9},"end":{"line":25,"column":20}},"loc":{"start":{"line":25,"column":23},"end":{"line":27,"column":1}},"line":25},"2":{"name":"getUserEmail","decl":{"start":{"line":28,"column":9},"end":{"line":28,"column":21}},"loc":{"start":{"line":28,"column":24},"end":{"line":30,"column":1}},"line":28},"3":{"name":"initContributions","decl":{"start":{"line":32,"column":22},"end":{"line":32,"column":39}},"loc":{"start":{"line":32,"column":42},"end":{"line":88,"column":1}},"line":32},"4":{"name":"(anonymous_4)","decl":{"start":{"line":64,"column":33},"end":{"line":64,"column":34}},"loc":{"start":{"line":64,"column":39},"end":{"line":71,"column":3}},"line":64},"5":{"name":"(anonymous_5)","decl":{"start":{"line":76,"column":54},"end":{"line":76,"column":55}},"loc":{"start":{"line":76,"column":60},"end":{"line":76,"column":88}},"line":76},"6":{"name":"(anonymous_6)","decl":{"start":{"line":80,"column":31},"end":{"line":80,"column":32}},"loc":{"start":{"line":80,"column":36},"end":{"line":80,"column":58}},"line":80},"7":{"name":"(anonymous_7)","decl":{"start":{"line":81,"column":31},"end":{"line":81,"column":32}},"loc":{"start":{"line":81,"column":41},"end":{"line":81,"column":61}},"line":81},"8":{"name":"renderTable","decl":{"start":{"line":92,"column":9},"end":{"line":92,"column":20}},"loc":{"start":{"line":92,"column":37},"end":{"line":138,"column":1}},"line":92},"9":{"name":"(anonymous_9)","decl":{"start":{"line":99,"column":57},"end":{"line":99,"column":58}},"loc":{"start":{"line":99,"column":62},"end":{"line":99,"column":95}},"line":99},"10":{"name":"(anonymous_10)","decl":{"start":{"line":107,"column":37},"end":{"line":107,"column":38}},"loc":{"start":{"line":107,"column":42},"end":{"line":137,"column":3}},"line":107},"11":{"name":"(anonymous_11)","decl":{"start":{"line":142,"column":24},"end":{"line":142,"column":25}},"loc":{"start":{"line":142,"column":68},"end":{"line":176,"column":1}},"line":142},"12":{"name":"checkPayFastReturn","decl":{"start":{"line":179,"column":15},"end":{"line":179,"column":33}},"loc":{"start":{"line":179,"column":36},"end":{"line":196,"column":1}},"line":179},"13":{"name":"(anonymous_13)","decl":{"start":{"line":190,"column":27},"end":{"line":190,"column":28}},"loc":{"start":{"line":190,"column":32},"end":{"line":190,"column":50}},"line":190},"14":{"name":"(anonymous_14)","decl":{"start":{"line":200,"column":29},"end":{"line":200,"column":30}},"loc":{"start":{"line":200,"column":60},"end":{"line":210,"column":1}},"line":200},"15":{"name":"(anonymous_15)","decl":{"start":{"line":204,"column":54},"end":{"line":204,"column":55}},"loc":{"start":{"line":204,"column":59},"end":{"line":204,"column":70}},"line":204},"16":{"name":"(anonymous_16)","decl":{"start":{"line":212,"column":20},"end":{"line":212,"column":21}},"loc":{"start":{"line":212,"column":39},"end":{"line":222,"column":1}},"line":212},"17":{"name":"(anonymous_17)","decl":{"start":{"line":216,"column":54},"end":{"line":216,"column":55}},"loc":{"start":{"line":216,"column":59},"end":{"line":216,"column":70}},"line":216},"18":{"name":"escHtml","decl":{"start":{"line":226,"column":9},"end":{"line":226,"column":16}},"loc":{"start":{"line":226,"column":22},"end":{"line":228,"column":1}},"line":226},"19":{"name":"capitalize","decl":{"start":{"line":229,"column":9},"end":{"line":229,"column":19}},"loc":{"start":{"line":229,"column":23},"end":{"line":231,"column":1}},"line":229}},"branchMap":{"0":{"loc":{"start":{"line":23,"column":15},"end":{"line":23,"column":88}},"type":"binary-expr","locations":[{"start":{"line":23,"column":15},"end":{"line":23,"column":76}},{"start":{"line":23,"column":80},"end":{"line":23,"column":88}}],"line":23},"1":{"loc":{"start":{"line":23,"column":26},"end":{"line":23,"column":70}},"type":"binary-expr","locations":[{"start":{"line":23,"column":26},"end":{"line":23,"column":62}},{"start":{"line":23,"column":66},"end":{"line":23,"column":70}}],"line":23},"2":{"loc":{"start":{"line":26,"column":15},"end":{"line":26,"column":82}},"type":"binary-expr","locations":[{"start":{"line":26,"column":15},"end":{"line":26,"column":76}},{"start":{"line":26,"column":80},"end":{"line":26,"column":82}}],"line":26},"3":{"loc":{"start":{"line":26,"column":26},"end":{"line":26,"column":70}},"type":"binary-expr","locations":[{"start":{"line":26,"column":26},"end":{"line":26,"column":62}},{"start":{"line":26,"column":66},"end":{"line":26,"column":70}}],"line":26},"4":{"loc":{"start":{"line":29,"column":15},"end":{"line":29,"column":83}},"type":"binary-expr","locations":[{"start":{"line":29,"column":15},"end":{"line":29,"column":77}},{"start":{"line":29,"column":81},"end":{"line":29,"column":83}}],"line":29},"5":{"loc":{"start":{"line":29,"column":26},"end":{"line":29,"column":70}},"type":"binary-expr","locations":[{"start":{"line":29,"column":26},"end":{"line":29,"column":62}},{"start":{"line":29,"column":66},"end":{"line":29,"column":70}}],"line":29},"6":{"loc":{"start":{"line":40,"column":2},"end":{"line":40,"column":25}},"type":"if","locations":[{"start":{"line":40,"column":2},"end":{"line":40,"column":25}},{"start":{},"end":{}}],"line":40},"7":{"loc":{"start":{"line":45,"column":22},"end":{"line":45,"column":62}},"type":"binary-expr","locations":[{"start":{"line":45,"column":22},"end":{"line":45,"column":42}},{"start":{"line":45,"column":46},"end":{"line":45,"column":62}}],"line":45},"8":{"loc":{"start":{"line":48,"column":2},"end":{"line":52,"column":3}},"type":"if","locations":[{"start":{"line":48,"column":2},"end":{"line":52,"column":3}},{"start":{},"end":{}}],"line":48},"9":{"loc":{"start":{"line":48,"column":6},"end":{"line":48,"column":29}},"type":"binary-expr","locations":[{"start":{"line":48,"column":6},"end":{"line":48,"column":17}},{"start":{"line":48,"column":21},"end":{"line":48,"column":29}}],"line":48},"10":{"loc":{"start":{"line":56,"column":20},"end":{"line":56,"column":90}},"type":"cond-expr","locations":[{"start":{"line":56,"column":34},"end":{"line":56,"column":61}},{"start":{"line":56,"column":64},"end":{"line":56,"column":90}}],"line":56},"11":{"loc":{"start":{"line":66,"column":12},"end":{"line":66,"column":35}},"type":"binary-expr","locations":[{"start":{"line":66,"column":12},"end":{"line":66,"column":22}},{"start":{"line":66,"column":26},"end":{"line":66,"column":35}}],"line":66},"12":{"loc":{"start":{"line":67,"column":12},"end":{"line":67,"column":33}},"type":"binary-expr","locations":[{"start":{"line":67,"column":12},"end":{"line":67,"column":26}},{"start":{"line":67,"column":30},"end":{"line":67,"column":33}}],"line":67},"13":{"loc":{"start":{"line":68,"column":12},"end":{"line":68,"column":40}},"type":"binary-expr","locations":[{"start":{"line":68,"column":12},"end":{"line":68,"column":33}},{"start":{"line":68,"column":37},"end":{"line":68,"column":40}}],"line":68},"14":{"loc":{"start":{"line":76,"column":2},"end":{"line":76,"column":90}},"type":"if","locations":[{"start":{"line":76,"column":2},"end":{"line":76,"column":90}},{"start":{},"end":{}}],"line":76},"15":{"loc":{"start":{"line":82,"column":2},"end":{"line":82,"column":66}},"type":"if","locations":[{"start":{"line":82,"column":2},"end":{"line":82,"column":66}},{"start":{},"end":{}}],"line":82},"16":{"loc":{"start":{"line":83,"column":2},"end":{"line":83,"column":53}},"type":"if","locations":[{"start":{"line":83,"column":2},"end":{"line":83,"column":53}},{"start":{},"end":{}}],"line":83},"17":{"loc":{"start":{"line":84,"column":2},"end":{"line":84,"column":49}},"type":"if","locations":[{"start":{"line":84,"column":2},"end":{"line":84,"column":49}},{"start":{},"end":{}}],"line":84},"18":{"loc":{"start":{"line":92,"column":21},"end":{"line":92,"column":35}},"type":"default-arg","locations":[{"start":{"line":92,"column":30},"end":{"line":92,"column":35}}],"line":92},"19":{"loc":{"start":{"line":94,"column":2},"end":{"line":94,"column":25}},"type":"if","locations":[{"start":{"line":94,"column":2},"end":{"line":94,"column":25}},{"start":{},"end":{}}],"line":94},"20":{"loc":{"start":{"line":96,"column":22},"end":{"line":96,"column":52}},"type":"binary-expr","locations":[{"start":{"line":96,"column":22},"end":{"line":96,"column":46}},{"start":{"line":96,"column":50},"end":{"line":96,"column":52}}],"line":96},"21":{"loc":{"start":{"line":97,"column":22},"end":{"line":97,"column":50}},"type":"binary-expr","locations":[{"start":{"line":97,"column":22},"end":{"line":97,"column":41}},{"start":{"line":97,"column":45},"end":{"line":97,"column":50}}],"line":97},"22":{"loc":{"start":{"line":99,"column":19},"end":{"line":99,"column":96}},"type":"cond-expr","locations":[{"start":{"line":99,"column":38},"end":{"line":99,"column":42}},{"start":{"line":99,"column":45},"end":{"line":99,"column":96}}],"line":99},"23":{"loc":{"start":{"line":101,"column":2},"end":{"line":105,"column":3}},"type":"if","locations":[{"start":{"line":101,"column":2},"end":{"line":105,"column":3}},{"start":{},"end":{}}],"line":101},"24":{"loc":{"start":{"line":103,"column":30},"end":{"line":103,"column":72}},"type":"cond-expr","locations":[{"start":{"line":103,"column":49},"end":{"line":103,"column":67}},{"start":{"line":103,"column":70},"end":{"line":103,"column":72}}],"line":103},"25":{"loc":{"start":{"line":108,"column":23},"end":{"line":109,"column":81}},"type":"cond-expr","locations":[{"start":{"line":108,"column":50},"end":{"line":108,"column":65}},{"start":{"line":109,"column":23},"end":{"line":109,"column":81}}],"line":108},"26":{"loc":{"start":{"line":109,"column":23},"end":{"line":109,"column":81}},"type":"cond-expr","locations":[{"start":{"line":109,"column":50},"end":{"line":109,"column":65}},{"start":{"line":109,"column":68},"end":{"line":109,"column":81}}],"line":109},"27":{"loc":{"start":{"line":111,"column":22},"end":{"line":111,"column":72}},"type":"cond-expr","locations":[{"start":{"line":111,"column":36},"end":{"line":111,"column":67}},{"start":{"line":111,"column":70},"end":{"line":111,"column":72}}],"line":111},"28":{"loc":{"start":{"line":114,"column":19},"end":{"line":116,"column":10}},"type":"cond-expr","locations":[{"start":{"line":115,"column":8},"end":{"line":115,"column":142}},{"start":{"line":116,"column":8},"end":{"line":116,"column":10}}],"line":114},"29":{"loc":{"start":{"line":118,"column":23},"end":{"line":126,"column":35}},"type":"cond-expr","locations":[{"start":{"line":118,"column":37},"end":{"line":126,"column":12}},{"start":{"line":126,"column":15},"end":{"line":126,"column":35}}],"line":118},"30":{"loc":{"start":{"line":120,"column":10},"end":{"line":122,"column":107}},"type":"cond-expr","locations":[{"start":{"line":120,"column":37},"end":{"line":122,"column":102}},{"start":{"line":122,"column":105},"end":{"line":122,"column":107}}],"line":120},"31":{"loc":{"start":{"line":123,"column":10},"end":{"line":125,"column":72}},"type":"cond-expr","locations":[{"start":{"line":123,"column":35},"end":{"line":125,"column":67}},{"start":{"line":125,"column":70},"end":{"line":125,"column":72}}],"line":123},"32":{"loc":{"start":{"line":156,"column":22},"end":{"line":156,"column":46}},"type":"binary-expr","locations":[{"start":{"line":156,"column":22},"end":{"line":156,"column":34}},{"start":{"line":156,"column":38},"end":{"line":156,"column":46}}],"line":156},"33":{"loc":{"start":{"line":157,"column":22},"end":{"line":157,"column":40}},"type":"binary-expr","locations":[{"start":{"line":157,"column":22},"end":{"line":157,"column":34}},{"start":{"line":157,"column":38},"end":{"line":157,"column":40}}],"line":157},"34":{"loc":{"start":{"line":166,"column":4},"end":{"line":166,"column":25}},"type":"if","locations":[{"start":{"line":166,"column":4},"end":{"line":166,"column":25}},{"start":{},"end":{}}],"line":166},"35":{"loc":{"start":{"line":182,"column":2},"end":{"line":182,"column":25}},"type":"if","locations":[{"start":{"line":182,"column":2},"end":{"line":182,"column":25}},{"start":{},"end":{}}],"line":182},"36":{"loc":{"start":{"line":189,"column":17},"end":{"line":189,"column":47}},"type":"binary-expr","locations":[{"start":{"line":189,"column":17},"end":{"line":189,"column":41}},{"start":{"line":189,"column":45},"end":{"line":189,"column":47}}],"line":189},"37":{"loc":{"start":{"line":191,"column":4},"end":{"line":191,"column":38}},"type":"if","locations":[{"start":{"line":191,"column":4},"end":{"line":191,"column":38}},{"start":{},"end":{}}],"line":191},"38":{"loc":{"start":{"line":204,"column":17},"end":{"line":204,"column":47}},"type":"binary-expr","locations":[{"start":{"line":204,"column":17},"end":{"line":204,"column":41}},{"start":{"line":204,"column":45},"end":{"line":204,"column":47}}],"line":204},"39":{"loc":{"start":{"line":205,"column":4},"end":{"line":205,"column":38}},"type":"if","locations":[{"start":{"line":205,"column":4},"end":{"line":205,"column":38}},{"start":{},"end":{}}],"line":205},"40":{"loc":{"start":{"line":206,"column":16},"end":{"line":206,"column":78}},"type":"binary-expr","locations":[{"start":{"line":206,"column":16},"end":{"line":206,"column":69}},{"start":{"line":206,"column":73},"end":{"line":206,"column":78}}],"line":206},"41":{"loc":{"start":{"line":216,"column":17},"end":{"line":216,"column":47}},"type":"binary-expr","locations":[{"start":{"line":216,"column":17},"end":{"line":216,"column":41}},{"start":{"line":216,"column":45},"end":{"line":216,"column":47}}],"line":216},"42":{"loc":{"start":{"line":217,"column":4},"end":{"line":217,"column":35}},"type":"if","locations":[{"start":{"line":217,"column":4},"end":{"line":217,"column":35}},{"start":{},"end":{}}],"line":217},"43":{"loc":{"start":{"line":218,"column":16},"end":{"line":218,"column":78}},"type":"binary-expr","locations":[{"start":{"line":218,"column":16},"end":{"line":218,"column":69}},{"start":{"line":218,"column":73},"end":{"line":218,"column":78}}],"line":218},"44":{"loc":{"start":{"line":227,"column":16},"end":{"line":227,"column":25}},"type":"binary-expr","locations":[{"start":{"line":227,"column":16},"end":{"line":227,"column":19}},{"start":{"line":227,"column":23},"end":{"line":227,"column":25}}],"line":227},"45":{"loc":{"start":{"line":230,"column":9},"end":{"line":230,"column":56}},"type":"cond-expr","locations":[{"start":{"line":230,"column":13},"end":{"line":230,"column":51}},{"start":{"line":230,"column":54},"end":{"line":230,"column":56}}],"line":230}},"s":{"0":1,"1":1,"2":1,"3":1,"4":1,"5":6,"6":6,"7":0,"8":2,"9":2,"10":0,"11":2,"12":2,"13":0,"14":4,"15":4,"16":4,"17":4,"18":4,"19":4,"20":4,"21":0,"22":4,"23":4,"24":4,"25":4,"26":1,"27":4,"28":4,"29":4,"30":0,"31":0,"32":0,"33":4,"34":4,"35":4,"36":4,"37":4,"38":3,"39":0,"40":4,"41":4,"42":4,"43":4,"44":4,"45":4,"46":3,"47":4,"48":3,"49":4,"50":3,"51":4,"52":6,"53":6,"54":0,"55":6,"56":6,"57":6,"58":0,"59":6,"60":0,"61":0,"62":6,"63":6,"64":6,"65":6,"66":6,"67":6,"68":1,"69":1,"70":1,"71":1,"72":1,"73":1,"74":1,"75":1,"76":11,"77":0,"78":11,"79":11,"80":11,"81":11,"82":11,"83":1,"84":1,"85":4,"86":4,"87":4,"88":4,"89":0,"90":0,"91":0,"92":0,"93":0,"94":0,"95":0,"96":0,"97":0,"98":0,"99":0,"100":1,"101":1,"102":1,"103":1,"104":1,"105":1,"106":1,"107":1,"108":1,"109":0,"110":1,"111":1,"112":1,"113":1,"114":1,"115":1,"116":1,"117":1,"118":1,"119":0,"120":14,"121":7},"f":{"0":6,"1":2,"2":2,"3":4,"4":4,"5":0,"6":4,"7":4,"8":6,"9":0,"10":6,"11":1,"12":4,"13":0,"14":1,"15":1,"16":1,"17":1,"18":14,"19":7},"b":{"0":[6,1],"1":[6,1],"2":[2,0],"3":[2,0],"4":[2,0],"5":[2,0],"6":[0,4],"7":[4,4],"8":[1,3],"9":[4,2],"10":[2,2],"11":[4,0],"12":[4,0],"13":[4,0],"14":[3,1],"15":[3,1],"16":[3,1],"17":[3,1],"18":[0],"19":[0,6],"20":[6,0],"21":[6,2],"22":[6,0],"23":[0,6],"24":[0,0],"25":[3,3],"26":[2,1],"27":[4,2],"28":[2,4],"29":[4,2],"30":[1,3],"31":[0,4],"32":[1,0],"33":[1,0],"34":[0,11],"35":[4,0],"36":[0,0],"37":[0,0],"38":[1,0],"39":[1,0],"40":[1,0],"41":[1,0],"42":[1,0],"43":[1,0],"44":[14,0],"45":[7,0]},"_coverageSchema":"1a1c01bbd47fc00a2c39e90264f33305004495a9","hash":"dcf0079bcadaf70c63eca9345d19db3be2aef3f6"}
,"C:\\Users\\boitu\\OneDrive - University of Witwatersrand\\VS Code\\Stokvel Management Platform\\Stokvel-Management-Platform\\frontend\\js\\dashboards.js": {"path":"C:\\Users\\boitu\\OneDrive - University of Witwatersrand\\VS Code\\Stokvel Management Platform\\Stokvel-Management-Platform\\frontend\\js\\dashboards.js","statementMap":{"0":{"start":{"line":13,"column":2},"end":{"line":19,"column":3}},"1":{"start":{"line":14,"column":36},"end":{"line":14,"column":72}},"2":{"start":{"line":15,"column":4},"end":{"line":15,"column":39}},"3":{"start":{"line":17,"column":4},"end":{"line":17,"column":68}},"4":{"start":{"line":18,"column":4},"end":{"line":18,"column":14}},"5":{"start":{"line":23,"column":2},"end":{"line":29,"column":3}},"6":{"start":{"line":24,"column":30},"end":{"line":24,"column":66}},"7":{"start":{"line":25,"column":4},"end":{"line":25,"column":33}},"8":{"start":{"line":27,"column":4},"end":{"line":27,"column":62}},"9":{"start":{"line":28,"column":4},"end":{"line":28,"column":14}},"10":{"start":{"line":37,"column":15},"end":{"line":37,"column":71}},"11":{"start":{"line":39,"column":18},"end":{"line":39,"column":59}},"12":{"start":{"line":40,"column":2},"end":{"line":40,"column":89}},"13":{"start":{"line":40,"column":28},"end":{"line":40,"column":89}},"14":{"start":{"line":43,"column":2},"end":{"line":43,"column":21}},"15":{"start":{"line":44,"column":2},"end":{"line":44,"column":20}},"16":{"start":{"line":45,"column":2},"end":{"line":45,"column":28}},"17":{"start":{"line":46,"column":2},"end":{"line":46,"column":20}},"18":{"start":{"line":50,"column":2},"end":{"line":76,"column":3}},"19":{"start":{"line":51,"column":26},"end":{"line":51,"column":52}},"20":{"start":{"line":52,"column":22},"end":{"line":52,"column":73}},"21":{"start":{"line":52,"column":48},"end":{"line":52,"column":72}},"22":{"start":{"line":53,"column":22},"end":{"line":53,"column":71}},"23":{"start":{"line":53,"column":48},"end":{"line":53,"column":70}},"24":{"start":{"line":54,"column":22},"end":{"line":54,"column":73}},"25":{"start":{"line":54,"column":49},"end":{"line":54,"column":69}},"26":{"start":{"line":56,"column":22},"end":{"line":56,"column":98}},"27":{"start":{"line":57,"column":22},"end":{"line":57,"column":88}},"28":{"start":{"line":58,"column":4},"end":{"line":58,"column":66}},"29":{"start":{"line":58,"column":19},"end":{"line":58,"column":66}},"30":{"start":{"line":59,"column":4},"end":{"line":59,"column":58}},"31":{"start":{"line":59,"column":19},"end":{"line":59,"column":58}},"32":{"start":{"line":62,"column":20},"end":{"line":62,"column":90}},"33":{"start":{"line":62,"column":43},"end":{"line":62,"column":86}},"34":{"start":{"line":63,"column":20},"end":{"line":63,"column":91}},"35":{"start":{"line":64,"column":4},"end":{"line":64,"column":89}},"36":{"start":{"line":64,"column":16},"end":{"line":64,"column":89}},"37":{"start":{"line":67,"column":23},"end":{"line":67,"column":83}},"38":{"start":{"line":68,"column":4},"end":{"line":73,"column":5}},"39":{"start":{"line":69,"column":6},"end":{"line":69,"column":169}},"40":{"start":{"line":70,"column":11},"end":{"line":73,"column":5}},"41":{"start":{"line":71,"column":21},"end":{"line":71,"column":79}},"42":{"start":{"line":72,"column":6},"end":{"line":72,"column":48}},"43":{"start":{"line":72,"column":18},"end":{"line":72,"column":48}},"44":{"start":{"line":75,"column":4},"end":{"line":75,"column":50}},"45":{"start":{"line":80,"column":20},"end":{"line":80,"column":75}},"46":{"start":{"line":81,"column":20},"end":{"line":81,"column":91}},"47":{"start":{"line":82,"column":2},"end":{"line":82,"column":25}},"48":{"start":{"line":82,"column":18},"end":{"line":82,"column":25}},"49":{"start":{"line":84,"column":2},"end":{"line":130,"column":3}},"50":{"start":{"line":85,"column":19},"end":{"line":85,"column":38}},"51":{"start":{"line":86,"column":4},"end":{"line":86,"column":53}},"52":{"start":{"line":86,"column":17},"end":{"line":86,"column":53}},"53":{"start":{"line":88,"column":4},"end":{"line":91,"column":5}},"54":{"start":{"line":89,"column":6},"end":{"line":89,"column":124}},"55":{"start":{"line":90,"column":6},"end":{"line":90,"column":13}},"56":{"start":{"line":93,"column":4},"end":{"line":126,"column":16}},"57":{"start":{"line":94,"column":19},"end":{"line":94,"column":103}},"58":{"start":{"line":95,"column":26},"end":{"line":95,"column":56}},"59":{"start":{"line":96,"column":6},"end":{"line":125,"column":20}},"60":{"start":{"line":128,"column":4},"end":{"line":128,"column":51}},"61":{"start":{"line":129,"column":4},"end":{"line":129,"column":121}},"62":{"start":{"line":129,"column":19},"end":{"line":129,"column":121}},"63":{"start":{"line":134,"column":16},"end":{"line":134,"column":90}},"64":{"start":{"line":135,"column":2},"end":{"line":135,"column":21}},"65":{"start":{"line":135,"column":14},"end":{"line":135,"column":21}},"66":{"start":{"line":137,"column":2},"end":{"line":158,"column":3}},"67":{"start":{"line":138,"column":26},"end":{"line":138,"column":52}},"68":{"start":{"line":139,"column":19},"end":{"line":139,"column":44}},"69":{"start":{"line":141,"column":4},"end":{"line":144,"column":5}},"70":{"start":{"line":142,"column":6},"end":{"line":142,"column":150}},"71":{"start":{"line":143,"column":6},"end":{"line":143,"column":13}},"72":{"start":{"line":146,"column":4},"end":{"line":155,"column":16}},"73":{"start":{"line":147,"column":20},"end":{"line":148,"column":78}},"74":{"start":{"line":149,"column":6},"end":{"line":154,"column":13}},"75":{"start":{"line":157,"column":4},"end":{"line":157,"column":58}},"76":{"start":{"line":162,"column":20},"end":{"line":162,"column":64}},"77":{"start":{"line":163,"column":2},"end":{"line":163,"column":25}},"78":{"start":{"line":163,"column":18},"end":{"line":163,"column":25}},"79":{"start":{"line":165,"column":2},"end":{"line":174,"column":16}},"80":{"start":{"line":166,"column":21},"end":{"line":166,"column":46}},"81":{"start":{"line":167,"column":21},"end":{"line":167,"column":80}},"82":{"start":{"line":167,"column":42},"end":{"line":167,"column":79}},"83":{"start":{"line":168,"column":4},"end":{"line":168,"column":86}},"84":{"start":{"line":168,"column":28},"end":{"line":168,"column":76}},"85":{"start":{"line":168,"column":77},"end":{"line":168,"column":84}},"86":{"start":{"line":169,"column":17},"end":{"line":169,"column":28}},"87":{"start":{"line":170,"column":17},"end":{"line":172,"column":6}},"88":{"start":{"line":173,"column":4},"end":{"line":173,"column":63}},"89":{"start":{"line":183,"column":21},"end":{"line":183,"column":86}},"90":{"start":{"line":184,"column":21},"end":{"line":184,"column":82}},"91":{"start":{"line":185,"column":21},"end":{"line":185,"column":82}},"92":{"start":{"line":186,"column":21},"end":{"line":186,"column":83}},"93":{"start":{"line":188,"column":2},"end":{"line":188,"column":106}},"94":{"start":{"line":188,"column":18},"end":{"line":188,"column":106}},"95":{"start":{"line":188,"column":61},"end":{"line":188,"column":104}},"96":{"start":{"line":189,"column":2},"end":{"line":189,"column":100}},"97":{"start":{"line":189,"column":18},"end":{"line":189,"column":100}},"98":{"start":{"line":189,"column":61},"end":{"line":189,"column":98}},"99":{"start":{"line":190,"column":2},"end":{"line":190,"column":102}},"100":{"start":{"line":190,"column":18},"end":{"line":190,"column":102}},"101":{"start":{"line":190,"column":61},"end":{"line":190,"column":100}},"102":{"start":{"line":191,"column":2},"end":{"line":191,"column":101}},"103":{"start":{"line":191,"column":18},"end":{"line":191,"column":101}},"104":{"start":{"line":191,"column":61},"end":{"line":191,"column":99}},"105":{"start":{"line":194,"column":15},"end":{"line":194,"column":71}},"106":{"start":{"line":195,"column":2},"end":{"line":195,"column":40}},"107":{"start":{"line":195,"column":12},"end":{"line":195,"column":40}},"108":{"start":{"line":198,"column":2},"end":{"line":198,"column":23}},"109":{"start":{"line":199,"column":2},"end":{"line":199,"column":37}},"110":{"start":{"line":203,"column":2},"end":{"line":223,"column":3}},"111":{"start":{"line":204,"column":26},"end":{"line":204,"column":57}},"112":{"start":{"line":205,"column":4},"end":{"line":205,"column":38}},"113":{"start":{"line":205,"column":31},"end":{"line":205,"column":38}},"114":{"start":{"line":207,"column":20},"end":{"line":207,"column":76}},"115":{"start":{"line":207,"column":46},"end":{"line":207,"column":68}},"116":{"start":{"line":208,"column":16},"end":{"line":208,"column":26}},"117":{"start":{"line":209,"column":22},"end":{"line":215,"column":48}},"118":{"start":{"line":211,"column":8},"end":{"line":211,"column":37}},"119":{"start":{"line":211,"column":24},"end":{"line":211,"column":37}},"120":{"start":{"line":212,"column":18},"end":{"line":212,"column":37}},"121":{"start":{"line":213,"column":8},"end":{"line":213,"column":88}},"122":{"start":{"line":215,"column":24},"end":{"line":215,"column":44}},"123":{"start":{"line":217,"column":22},"end":{"line":217,"column":102}},"124":{"start":{"line":218,"column":22},"end":{"line":218,"column":91}},"125":{"start":{"line":219,"column":4},"end":{"line":219,"column":51}},"126":{"start":{"line":219,"column":19},"end":{"line":219,"column":51}},"127":{"start":{"line":220,"column":4},"end":{"line":220,"column":69}},"128":{"start":{"line":220,"c
[...]
n":16}},"loc":{"start":{"line":13,"column":19},"end":{"line":15,"column":1}},"line":13},"1":{"name":"getUserId","decl":{"start":{"line":16,"column":9},"end":{"line":16,"column":18}},"loc":{"start":{"line":16,"column":21},"end":{"line":18,"column":1}},"line":16},"2":{"name":"initPayouts","decl":{"start":{"line":20,"column":22},"end":{"line":20,"column":33}},"loc":{"start":{"line":20,"column":36},"end":{"line":26,"column":1}},"line":20},"3":{"name":"loadGroupSelector","decl":{"start":{"line":28,"column":15},"end":{"line":28,"column":32}},"loc":{"start":{"line":28,"column":35},"end":{"line":44,"column":1}},"line":28},"4":{"name":"(anonymous_4)","decl":{"start":{"line":34,"column":34},"end":{"line":34,"column":35}},"loc":{"start":{"line":35,"column":6},"end":{"line":35,"column":98}},"line":35},"5":{"name":"(anonymous_5)","decl":{"start":{"line":37,"column":38},"end":{"line":37,"column":39}},"loc":{"start":{"line":38,"column":6},"end":{"line":38,"column":82}},"line":38},"6":{"name":"loadPayoutSchedule","decl":{"start":{"line":46,"column":15},"end":{"line":46,"column":33}},"loc":{"start":{"line":46,"column":63},"end":{"line":94,"column":1}},"line":46},"7":{"name":"(anonymous_7)","decl":{"start":{"line":70,"column":25},"end":{"line":70,"column":26}},"loc":{"start":{"line":70,"column":32},"end":{"line":87,"column":11}},"line":70},"8":{"name":"loadMembersForEditor","decl":{"start":{"line":96,"column":15},"end":{"line":96,"column":35}},"loc":{"start":{"line":96,"column":63},"end":{"line":143,"column":1}},"line":96},"9":{"name":"(anonymous_9)","decl":{"start":{"line":105,"column":27},"end":{"line":105,"column":28}},"loc":{"start":{"line":105,"column":32},"end":{"line":105,"column":41}},"line":105},"10":{"name":"(anonymous_10)","decl":{"start":{"line":110,"column":36},"end":{"line":110,"column":37}},"loc":{"start":{"line":110,"column":42},"end":{"line":110,"column":91}},"line":110},"11":{"name":"(anonymous_11)","decl":{"start":{"line":112,"column":29},"end":{"line":112,"column":30}},"loc":{"start":{"line":112,"column":34},"end":{"line":112,"column":50}},"line":112},"12":{"name":"(anonymous_12)","decl":{"start":{"line":113,"column":44},"end":{"line":113,"column":45}},"loc":{"start":{"line":113,"column":54},"end":{"line":117,"column":3}},"line":113},"13":{"name":"(anonymous_13)","decl":{"start":{"line":114,"column":39},"end":{"line":114,"column":40}},"loc":{"start":{"line":114,"column":44},"end":{"line":114,"column":67}},"line":114},"14":{"name":"(anonymous_14)","decl":{"start":{"line":115,"column":39},"end":{"line":115,"column":40}},"loc":{"start":{"line":115,"column":44},"end":{"line":115,"column":67}},"line":115},"15":{"name":"(anonymous_15)","decl":{"start":{"line":118,"column":36},"end":{"line":118,"column":37}},"loc":{"start":{"line":118,"column":46},"end":{"line":124,"column":10}},"line":118},"16":{"name":"(anonymous_16)","decl":{"start":{"line":128,"column":22},"end":{"line":128,"column":23}},"loc":{"start":{"line":128,"column":34},"end":{"line":141,"column":5}},"line":128},"17":{"name":"(anonymous_17)","decl":{"start":{"line":129,"column":68},"end":{"line":129,"column":69}},"loc":{"start":{"line":129,"column":74},"end":{"line":129,"column":91}},"line":129},"18":{"name":"enableDragSort","decl":{"start":{"line":145,"column":9},"end":{"line":145,"column":23}},"loc":{"start":{"line":145,"column":30},"end":{"line":168,"column":1}},"line":145},"19":{"name":"(anonymous_19)","decl":{"start":{"line":147,"column":37},"end":{"line":147,"column":38}},"loc":{"start":{"line":147,"column":42},"end":{"line":151,"column":3}},"line":147},"20":{"name":"(anonymous_20)","decl":{"start":{"line":152,"column":37},"end":{"line":152,"column":38}},"loc":{"start":{"line":152,"column":42},"end":{"line":164,"column":3}},"line":152},"21":{"name":"(anonymous_21)","decl":{"start":{"line":161,"column":45},"end":{"line":161,"column":46}},"loc":{"start":{"line":161,"column":56},"end":{"line":163,"column":5}},"line":161},"22":{"name":"(anonymous_22)","decl":{"start":{"line":165,"column":39},"end":{"line":165,"column":40}},"loc":{"start":{"line":165,"column":45},"end":{"line":167,"column":3}},"line":165},"23":{"name":"(anonymous_23)","decl":{"start":{"line":170,"column":18},"end":{"line":170,"column":19}},"loc":{"start":{"line":170,"column":72},"end":{"line":179,"column":1}},"line":170},"24":{"name":"escHtml","decl":{"start":{"line":181,"column":9},"end":{"line":181,"column":16}},"loc":{"start":{"line":181,"column":22},"end":{"line":183,"column":1}},"line":181},"25":{"name":"capitalize","decl":{"start":{"line":184,"column":9},"end":{"line":184,"column":19}},"loc":{"start":{"line":184,"column":23},"end":{"line":186,"column":1}},"line":184}},"branchMap":{"0":{"loc":{"start":{"line":14,"column":15},"end":{"line":14,"column":88}},"type":"binary-expr","locations":[{"start":{"line":14,"column":15},"end":{"line":14,"column":76}},{"start":{"line":14,"column":80},"end":{"line":14,"column":88}}],"line":14},"1":{"loc":{"start":{"line":14,"column":26},"end":{"line":14,"column":70}},"type":"binary-expr","locations":[{"start":{"line":14,"column":26},"end":{"line":14,"column":62}},{"start":{"line":14,"column":66},"end":{"line":14,"column":70}}],"line":14},"2":{"loc":{"start":{"line":17,"column":15},"end":{"line":17,"column":82}},"type":"binary-expr","locations":[{"start":{"line":17,"column":15},"end":{"line":17,"column":74}},{"start":{"line":17,"column":78},"end":{"line":17,"column":82}}],"line":17},"3":{"loc":{"start":{"line":17,"column":26},"end":{"line":17,"column":70}},"type":"binary-expr","locations":[{"start":{"line":17,"column":26},"end":{"line":17,"column":62}},{"start":{"line":17,"column":66},"end":{"line":17,"column":70}}],"line":17},"4":{"loc":{"start":{"line":22,"column":22},"end":{"line":22,"column":62}},"type":"binary-expr","locations":[{"start":{"line":22,"column":22},"end":{"line":22,"column":42}},{"start":{"line":22,"column":46},"end":{"line":22,"column":62}}],"line":22},"5":{"loc":{"start":{"line":24,"column":2},"end":{"line":24,"column":78}},"type":"if","locations":[{"start":{"line":24,"column":2},"end":{"line":24,"column":78}},{"start":{},"end":{}}],"line":24},"6":{"loc":{"start":{"line":24,"column":47},"end":{"line":24,"column":77}},"type":"cond-expr","locations":[{"start":{"line":24,"column":61},"end":{"line":24,"column":68}},{"start":{"line":24,"column":71},"end":{"line":24,"column":77}}],"line":24},"7":{"loc":{"start":{"line":30,"column":2},"end":{"line":30,"column":22}},"type":"if","locations":[{"start":{"line":30,"column":2},"end":{"line":30,"column":22}},{"start":{},"end":{}}],"line":30},"8":{"loc":{"start":{"line":33,"column":4},"end":{"line":33,"column":31}},"type":"if","locations":[{"start":{"line":33,"column":4},"end":{"line":33,"column":31}},{"start":{},"end":{}}],"line":33},"9":{"loc":{"start":{"line":50,"column":22},"end":{"line":50,"column":62}},"type":"binary-expr","locations":[{"start":{"line":50,"column":22},"end":{"line":50,"column":42}},{"start":{"line":50,"column":46},"end":{"line":50,"column":62}}],"line":50},"10":{"loc":{"start":{"line":51,"column":2},"end":{"line":51,"column":25}},"type":"if","locations":[{"start":{"line":51,"column":2},"end":{"line":51,"column":25}},{"start":{},"end":{}}],"line":51},"11":{"loc":{"start":{"line":55,"column":4},"end":{"line":61,"column":5}},"type":"if","locations":[{"start":{"line":55,"column":4},"end":{"line":61,"column":5}},{"start":{},"end":{}}],"line":55},"12":{"loc":{"start":{"line":56,"column":28},"end":{"line":58,"column":104}},"type":"cond-expr","locations":[{"start":{"line":57,"column":10},"end":{"line":57,"column":116}},{"start":{"line":58,"column":10},"end":{"line":58,"column":104}}],"line":56},"13":{"loc":{"start":{"line":59,"column":6},"end":{"line":59,"column":63}},"type":"if","locations":[{"start":{"line":59,"column":6},"end":{"line":59,"column":63}},{"start":{},"end":{}}],"line":59},"14":{"loc":{"start":{"line":67,"column":12},"end":{"line":67,"column":49}},"type":"cond-expr","locations":[{"start":{"line":67,"column":26},"end":{"line":67,"column":44}},{"start":{"line":67,"column":47},"end":{"line":67,"column":49}}],"line":67},"15":{"loc":{"start":{"line":72,"column":26},"end":{"line":72,"column":126}},"type":"cond-expr","locations":[{"start":{"line":72,"column":50},"end":{"line":72,"column":65}},{"start":{"line":72,"column":68},"end":{"line":72,"column":126}}],"line":72},"16":{"loc":{"start":{"line":72,"column":68},"end":{"line":72,"column":126}},"type":"cond-expr","locations":[{"start":{"line":72,"column":95},"end":{"line":72,"column":108}},{"start":{"line":72,"column":111},"end":{"line":72,"column":126}}],"line":72},"17":{"loc":{"start":{"line":73,"column":26},"end":{"line":73,"column":56}},"type":"binary-expr","locations":[{"start":{"line":73,"column":26},"end":{"line":73,"column":49}},{"start":{"line":73,"column":53},"end":{"line":73,"column":56}}],"line":73},"18":{"loc":{"start":{"line":75,"column":27},"end":{"line":75,"column":86}},"type":"cond-expr","locations":[{"start":{"line":75,"column":34},"end":{"line":75,"column":81}},{"start":{"line":75,"column":84},"end":{"line":75,"column":86}}],"line":75},"19":{"loc":{"start":{"line":77,"column":38},"end":{"line":77,"column":122}},"type":"cond-expr","locations":[{"start":{"line":77,"column":45},"end":{"line":77,"column":117}},{"start":{"line":77,"column":120},"end":{"line":77,"column":122}}],"line":77},"20":{"loc":{"start":{"line":78,"column":22},"end":{"line":78,"column":79}},"type":"cond-expr","locations":[{"start":{"line":78,"column":43},"end":{"line":78,"column":73}},{"start":{"line":78,"column":76},"end":{"line":78,"column":79}}],"line":78},"21":{"loc":{"start":{"line":79,"column":42},"end":{"line":79,"column":87}},"type":"cond-expr","locations":[{"start":{"line":79,"column":55},"end":{"line":79,"column":81}},{"start":{"line":79,"column":84},"end":{"line":79,"column":87}}],"line":79},"22":{"loc":{"start":{"line":81,"column":18},"end":{"line":85,"column":27}},"type":"cond-expr","locations":[{"start":{"line":81,"column":32},"end":{"line":85,"column":22}},{"start":{"line":85,"column":25},"end":{"line":85,"column":27}}],"line":81},"23":{"loc":{"start":{"line":82,"column":20},"end":{"line":84,"column":123}},"type":"cond-expr","locations":[{"start":{"line":82,"column":47},"end":{"line":84,"column":117}},{"start":{"line":84,"column":120},"end":{"line":84,"column":123}}],"line":82},"24":{"loc":{"start":{"line":90,"column":4},"end":{"line":90,"column":67}},"type":"if","locations":[{"start":{"line":90,"column":4},"end":{"line":90,"column":67}},{"start":{},"end":{}}],"line":90},"25":{"loc":{"start":{"line":98,"column":2},"end":{"line":98,"column":26}},"type":"if","locations":[{"start":{"line":98,"column":2},"end":{"line":98,"column":26}},{"start":{},"end":{}}],"line":98},"26":{"loc":{"start":{"line":101,"column":2},"end":{"line":104,"column":3}},"type":"if","locations":[{"start":{"line":101,"column":2},"end":{"line":104,"column":3}},{"start":{},"end":{}}],"line":101},"27":{"loc":{"start":{"line":101,"column":6},"end":{"line":101,"column":28}},"type":"binary-expr","locations":[{"start":{"line":101,"column":6},"end":{"line":101,"column":11}},{"start":{"line":101,"column":15},"end":{"line":101,"column":28}}],"line":101},"28":{"loc":{"start":{"line":109,"column":18},"end":{"line":109,"column":32}},"type":"binary-expr","locations":[{"start":{"line":109,"column":18},"end":{"line":109,"column":26}},{"start":{"line":109,"column":30},"end":{"line":109,"column":32}}],"line":109},"29":{"loc":{"start":{"line":110,"column":60},"end":{"line":110,"column":89}},"type":"binary-expr","locations":[{"start":{"line":110,"column":60},"end":{"line":110,"column":81}},{"start":{"line":110,"column":85},"end":{"line":110,"column":89}}],"line":110},"30":{"loc":{"start":{"line":114,"column":17},"end":{"line":114,"column":85}},"type":"binary-expr","locations":[{"start":{"line":114,"column":17},"end":{"line":114,"column":78}},{"start":{"line":114,"column":82},"end":{"line":114,"column":85}}],"line":114},"31":{"loc":{"start":{"line":115,"column":17},"end":{"line":115,"column":85}},"type":"binary-expr","locations":[{"start":{"line":115,"column":17},"end":{"line":115,"column":78}},{"start":{"line":115,"column":82},"end":{"line":115,"column":85}}],"line":115},"32":{"loc":{"start":{"line":122,"column":46},"end":{"line":122,"column":80}},"type":"binary-expr","locations":[{"start":{"line":122,"column":46},"end":{"line":122,"column":67}},{"start":{"line":122,"column":71},"end":{"line":122,"column":80}}],"line":122},"33":{"loc":{"start":{"line":127,"column":2},"end":{"line":142,"column":3}},"type":"if","locations":[{"start":{"line":127,"column":2},"end":{"line":142,"column":3}},{"start":{},"end":{}}],"line":127},"34":{"loc":{"start":{"line":132,"column":23},"end":{"line":132,"column":54}},"type":"binary-expr","locations":[{"start":{"line":132,"column":23},"end":{"line":132,"column":49}},{"start":{"line":132,"column":53},"end":{"line":132,"column":54}}],"line":132},"35":{"loc":{"start":{"line":149,"column":4},"end":{"line":149,"column":20}},"type":"if","locations":[{"start":{"line":149,"column":4},"end":{"line":149,"column":20}},{"start":{},"end":{}}],"line":149},"36":{"loc":{"start":{"line":153,"column":4},"end":{"line":153,"column":26}},"type":"if","locations":[{"start":{"line":153,"column":4},"end":{"line":153,"column":26}},{"start":{},"end":{}}],"line":153},"37":{"loc":{"start":{"line":155,"column":4},"end":{"line":155,"column":39}},"type":"if","locations":[{"start":{"line":155,"column":4},"end":{"line":155,"column":39}},{"start":{},"end":{}}],"line":155},"38":{"loc":{"start":{"line":155,"column":8},"end":{"line":155,"column":30}},"type":"binary-expr","locations":[{"start":{"line":155,"column":8},"end":{"line":155,"column":11}},{"start":{"line":155,"column":15},"end":{"line":155,"column":30}}],"line":155},"39":{"loc":{"start":{"line":158,"column":4},"end":{"line":160,"column":36}},"type":"if","locations":[{"start":{"line":158,"column":4},"end":{"line":160,"column":36}},{"start":{"line":159,"column":9},"end":{"line":160,"column":36}}],"line":158},"40":{"loc":{"start":{"line":159,"column":9},"end":{"line":160,"column":36}},"type":"if","locations":[{"start":{"line":159,"column":9},"end":{"line":160,"column":36}},{"start":{"line":160,"column":9},"end":{"line":160,"column":36}}],"line":159},"41":{"loc":{"start":{"line":166,"column":4},"end":{"line":166,"column":67}},"type":"if","locations":[{"start":{"line":166,"column":4},"end":{"line":166,"column":67}},{"start":{},"end":{}}],"line":166},"42":{"loc":{"start":{"line":171,"column":2},"end":{"line":171,"column":52}},"type":"if","locations":[{"start":{"line":171,"column":2},"end":{"line":171,"column":52}},{"start":{},"end":{}}],"line":171},"43":{"loc":{"start":{"line":182,"column":16},"end":{"line":182,"column":25}},"type":"binary-expr","locations":[{"start":{"line":182,"column":16},"end":{"line":182,"column":19}},{"start":{"line":182,"column":23},"end":{"line":182,"column":25}}],"line":182},"44":{"loc":{"start":{"line":185,"column":9},"end":{"line":185,"column":56}},"type":"cond-expr","locations":[{"start":{"line":185,"column":13},"end":{"line":185,"column":51}},{"start":{"line":185,"column":54},"end":{"line":185,"column":56}}],"line":185}},"s":{"0":13,"1":13,"2":1,"3":8,"4":8,"5":1,"6":4,"7":4,"8":4,"9":4,"10":4,"11":4,"12":4,"13":4,"14":0,"15":4,"16":4,"17":4,"18":0,"19":4,"20":4,"21":4,"22":0,"23":4,"24":0,"25":6,"26":6,"27":6,"28":6,"29":6,"30":0,"31":6,"32":6,"33":6,"34":6,"35":5,"36":5,"37":5,"38":5,"39":1,"40":1,"41":1,"42":1,"43":1,"44":1,"45":1,"46":0,"47":6,"48":6,"49":0,"50":6,"51":6,"52":0,"53":0,"54":6,"55":12,"56":6,"57":6,"58":6,"59":12,"60":6,"61":12,"62":6,"63":6,"64":6,"65":6,"66":6,"67":1,"68":6,"69":1,"70":6,"71":6,"72":12,"73":6,"74":6,"75":6,"76":6,"77":1,"78":2,"79":1,"80":1,"81":1,"82":1,"83":1,"84":1,"85":1,"86":0,"87":1,"88":1,"89":6,"90":6,"91":0,"92":0,"93":0,"94":0,"95":0,"96":6,"97":0,"98":0,"99":0,"100":0,"101":0,"102":0,"103":0,"104":0,"105":0,"106":0,"107":0,"108":0,"109":0,"110":0,"111":6,"112":0,"113":0,"114":0,"115":1,"116":1,"117":0,"118":1,"119":1,"120":1,"121":1,"122":0,"123":7,"124":3},"f":{"0":13,"1":8,"2":4,"3":4,"4":4,"5":0,"6":6,"7":1,"8":6,"9":12,"10":12,"11":6,"12":6,"13":1,"14":1,"15":12,"16":1,"17":2,"18":6,"19":0,"20":0,"21":0,"22":0,"23":1,"24":7,"25":3},"b":{"0":[13,1],"1":[13,1],"2":[8,0],"3":[8,0],"4":[4,4],"5":[4,0],"6":[4,0],"7":[0,4],"8":[0,4],"9":[6,6],"10":[0,6],"11":[5,1],"12":[5,0],"13":[5,0],"14":[1,0],"15":[0,1],"16":[0,1],"17":[1,0],"18":[1,0],"19":[1,0],"20":[1,0],"21":[1,0],"22":[1,0],"23":[1,0],"24":[1,0],"25":[0,6],"26":[0,6],"27":[6,6],"28":[6,0],"29":[12,0],"30":[6,6],"31":[6,5],"32":[12,0],"33":[6,0],"34":[1,0],"35":[0,0],"36":[0,0],"37":[0,0],"38":[0,0],"39":[0,0],"40":[0,0],"41":[0,0],"42":[0,1],"43":[7,1],"44":[2,1]},"_coverageSchema":"1a1c01bbd47fc00a2c39e90264f33305004495a9","hash":"d8eadba0636d96635549932713816df291ddec4f"}
,"C:\\Users\\boitu\\OneDrive - University of Witwatersrand\\VS Code\\Stokvel Management Platform\\Stokvel-Management-Platform\\frontend\\js\\utils.js": {"path":"C:\\Users\\boitu\\OneDrive - University of Witwatersrand\\VS Code\\Stokvel Management Platform\\Stokvel-Management-Platform\\frontend\\js\\utils.js","statementMap":{"0":{"start":{"line":3,"column":2},"end":{"line":7,"column":20}},"1":{"start":{"line":11,"column":18},"end":{"line":11,"column":69}},"2":{"start":{"line":12,"column":2},"end":{"line":12,"column":67}},"3":{"start":{"line":16,"column":20},"end":{"line":16,"column":62}},"4":{"start":{"line":17,"column":2},"end":{"line":17,"column":25}},"5":{"start":{"line":17,"column":18},"end":{"line":17,"column":25}},"6":{"start":{"line":19,"column":16},"end":{"line":19,"column":49}},"7":{"start":{"line":20,"column":2},"end":{"line":20,"column":28}},"8":{"start":{"line":21,"column":2},"end":{"line":29,"column":4}},"9":{"start":{"line":31,"column":2},"end":{"line":31,"column":31}},"10":{"start":{"line":33,"column":2},"end":{"line":36,"column":11}},"11":{"start":{"line":34,"column":4},"end":{"line":34,"column":60}},"12":{"start":{"line":35,"column":4},"end":{"line":35,"column":42}},"13":{"start":{"line":35,"column":21},"end":{"line":35,"column":35}}},"fnMap":{"0":{"name":"formatCurrency","decl":{"start":{"line":2,"column":16},"end":{"line":2,"column":30}},"loc":{"start":{"line":2,"column":39},"end":{"line":8,"column":1}},"line":2},"1":{"name":"formatDate","decl":{"start":{"line":10,"column":16},"end":{"line":10,"column":26}},"loc":{"start":{"line":10,"column":39},"end":{"line":13,"column":1}},"line":10},"2":{"name":"showToast","decl":{"start":{"line":15,"column":16},"end":{"line":15,"column":25}},"loc":{"start":{"line":15,"column":53},"end":{"line":37,"column":1}},"line":15},"3":{"name":"(anonymous_3)","decl":{"start":{"line":33,"column":13},"end":{"line":33,"column":14}},"loc":{"start":{"line":33,"column":19},"end":{"line":36,"column":3}},"line":33},"4":{"name":"(anonymous_4)","decl":{"start":{"line":35,"column":15},"end":{"line":35,"column":16}},"loc":{"start":{"line":35,"column":21},"end":{"line":35,"column":35}},"line":35}},"branchMap":{"0":{"loc":{"start":{"line":15,"column":35},"end":{"line":15,"column":51}},"type":"default-arg","locations":[{"start":{"line":15,"column":42},"end":{"line":15,"column":51}}],"line":15},"1":{"loc":{"start":{"line":17,"column":2},"end":{"line":17,"column":25}},"type":"if","locations":[{"start":{"line":17,"column":2},"end":{"line":17,"column":25}},{"start":{},"end":{}}],"line":17},"2":{"loc":{"start":{"line":23,"column":8},"end":{"line":25,"column":144}},"type":"cond-expr","locations":[{"start":{"line":24,"column":10},"end":{"line":24,"column":116}},{"start":{"line":25,"column":10},"end":{"line":25,"column":144}}],"line":23}},"s":{"0":8,"1":6,"2":6,"3":7,"4":7,"5":1,"6":6,"7":6,"8":6,"9":6,"10":6,"11":0,"12":0,"13":0},"f":{"0":8,"1":6,"2":7,"3":0,"4":0},"b":{"0":[0],"1":[1,6],"2":[4,2]},"_coverageSchema":"1a1c01bbd47fc00a2c39e90264f33305004495a9","hash":"6c066923b09b7766ce419db46c79957b21225329"}
}
