TN:
SF:js\admin-dashboard.js
FN:6,initDashboard
FN:10,renderGroups
FN:22,(anonymous_2)
FN:38,(anonymous_3)
FN:39,(anonymous_4)
FN:95,(anonymous_5)
FN:132,renderMemberRolePanel
FN:146,(anonymous_7)
FN:164,(anonymous_8)
FN:191,(anonymous_9)
FNF:10
FNH:3
FNDA:2,initDashboard
FNDA:2,renderGroups
FNDA:0,(anonymous_2)
FNDA:0,(anonymous_3)
FNDA:0,(anonymous_4)
FNDA:0,(anonymous_5)
FNDA:2,renderMemberRolePanel
FNDA:0,(anonymous_7)
FNDA:0,(anonymous_8)
FNDA:0,(anonymous_9)
DA:7,2
DA:11,2
DA:12,2
DA:13,2
DA:15,1
DA:17,1
DA:18,1
DA:20,1
DA:21,1
DA:22,1
DA:33,0
DA:34,0
DA:37,1
DA:38,1
DA:39,1
DA:40,1
DA:76,1
DA:77,0
DA:82,0
DA:85,1
DA:86,1
DA:92,1
DA:95,0
DA:133,2
DA:134,2
DA:136,0
DA:138,0
DA:143,0
DA:145,0
DA:146,0
DA:148,0
DA:149,0
DA:150,0
DA:153,0
DA:165,0
DA:166,0
DA:187,0
DA:191,1
DA:192,0
DA:193,0
DA:197,0
DA:198,0
DA:200,0
DA:201,0
LF:44
LH:21
BRDA:13,0,0,1
BRDA:13,0,1,1
BRDA:25,1,0,0
BRDA:25,1,1,0
BRDA:29,2,0,0
BRDA:29,2,1,0
BRDA:30,3,0,0
BRDA:30,3,1,0
BRDA:37,4,0,1
BRDA:37,4,1,0
BRDA:76,5,0,0
BRDA:76,5,1,1
BRDA:85,6,0,1
BRDA:85,6,1,0
BRDA:108,7,0,0
BRDA:108,7,1,0
BRDA:117,8,0,0
BRDA:117,8,1,0
BRDA:134,9,0,2
BRDA:134,9,1,0
BRDA:143,10,0,0
BRDA:143,10,1,0
BRDA:146,11,0,0
BRDA:146,11,1,0
BRDA:148,12,0,0
BRDA:148,12,1,0
BRDA:148,13,0,0
BRDA:148,13,1,0
BRDA:165,14,0,0
BRDA:165,14,1,0
BRDA:168,15,0,0
BRDA:168,15,1,0
BRDA:169,16,0,0
BRDA:169,16,1,0
BRDA:171,17,0,0
BRDA:171,17,1,0
BRDA:171,18,0,0
BRDA:171,18,1,0
BRDA:174,19,0,0
BRDA:174,19,1,0
BRDA:177,20,0,0
BRDA:177,20,1,0
BRDA:178,21,0,0
BRDA:178,21,1,0
BRDA:197,22,0,0
BRDA:197,22,1,0
BRF:46
BRH:6
end_of_record
TN:
SF:js\analytics.js
FN:20,initAnalytics
FN:24,populateGroupSelector
FN:36,(anonymous_2)
FN:40,(anonymous_3)
FN:47,loadAllReports
FN:63,renderComplianceChart
FN:78,(anonymous_6)
FN:80,(anonymous_7)
FN:81,(anonymous_8)
FN:82,(anonymous_9)
FN:89,renderMonthlyChart
FN:104,(anonymous_11)
FN:105,(anonymous_12)
FN:111,renderPayoutTable
FN:118,(anonymous_14)
FN:119,(anonymous_15)
FN:120,(anonymous_16)
FN:129,(anonymous_17)
FN:138,(anonymous_18)
FN:142,(anonymous_19)
FN:146,(anonymous_20)
FN:150,(anonymous_21)
FN:154,(anonymous_22)
FN:158,(anonymous_23)
FN:162,downloadCSV
FN:163,(anonymous_25)
FN:163,(anonymous_26)
FN:172,escHtml
FN:175,capitalize
FNF:29
FNH:28
FNDA:10,initAnalytics
FNDA:10,populateGroupSelector
FNDA:8,(anonymous_2)
FNDA:0,(anonymous_3)
FNDA:8,loadAllReports
FNDA:8,renderComplianceChart
FNDA:2,(anonymous_6)
FNDA:2,(anonymous_7)
FNDA:2,(anonymous_8)
FNDA:2,(anonymous_9)
FNDA:8,renderMonthlyChart
FNDA:2,(anonymous_11)
FNDA:2,(anonymous_12)
FNDA:8,renderPayoutTable
FNDA:2,(anonymous_14)
FNDA:2,(anonymous_15)
FNDA:2,(anonymous_16)
FNDA:2,(anonymous_17)
FNDA:1,(anonymous_18)
FNDA:1,(anonymous_19)
FNDA:1,(anonymous_20)
FNDA:1,(anonymous_21)
FNDA:1,(anonymous_22)
FNDA:1,(anonymous_23)
FNDA:3,downloadCSV
FNDA:6,(anonymous_25)
FNDA:26,(anonymous_26)
FNDA:13,escHtml
FNDA:5,capitalize
DA:16,1
DA:17,1
DA:18,1
DA:21,10
DA:25,10
DA:26,10
DA:28,9
DA:29,9
DA:30,9
DA:31,1
DA:33,1
DA:36,8
DA:37,8
DA:40,8
DA:41,8
DA:43,0
DA:48,8
DA:54,8
DA:55,8
DA:56,8
DA:58,8
DA:59,8
DA:60,8
DA:64,8
DA:65,8
DA:66,8
DA:67,8
DA:68,8
DA:69,6
DA:70,6
DA:71,6
DA:73,2
DA:74,2
DA:75,2
DA:78,2
DA:80,2
DA:81,2
DA:82,2
DA:90,8
DA:91,8
DA:92,8
DA:93,8
DA:94,8
DA:95,6
DA:96,6
DA:97,6
DA:99,2
DA:100,2
DA:101,2
DA:104,2
DA:105,2
DA:112,8
DA:113,8
DA:114,8
DA:115,6
DA:116,6
DA:118,2
DA:119,2
DA:120,2
DA:121,2
DA:130,2
DA:131,2
DA:138,1
DA:139,1
DA:140,1
DA:142,1
DA:146,1
DA:147,1
DA:148,1
DA:150,1
DA:154,1
DA:155,1
DA:156,1
DA:158,1
DA:163,26
DA:164,3
DA:165,3
DA:166,3
DA:167,3
DA:168,3
DA:169,3
DA:173,13
DA:176,5
LF:83
LH:82
BRDA:26,0,0,1
BRDA:26,0,1,9
BRDA:30,1,0,1
BRDA:30,1,1,8
BRDA:54,2,0,8
BRDA:54,2,1,0
BRDA:55,3,0,8
BRDA:55,3,1,0
BRDA:56,4,0,8
BRDA:56,4,1,0
BRDA:66,5,0,0
BRDA:66,5,1,8
BRDA:67,6,0,0
BRDA:67,6,1,8
BRDA:68,7,0,6
BRDA:68,7,1,2
BRDA:70,8,0,6
BRDA:70,8,1,0
BRDA:74,9,0,2
BRDA:74,9,1,0
BRDA:92,10,0,0
BRDA:92,10,1,8
BRDA:93,11,0,0
BRDA:93,11,1,8
BRDA:94,12,0,6
BRDA:94,12,1,2
BRDA:96,13,0,6
BRDA:96,13,1,0
BRDA:100,14,0,2
BRDA:100,14,1,0
BRDA:113,15,0,0
BRDA:113,15,1,8
BRDA:114,16,0,6
BRDA:114,16,1,2
BRDA:120,17,0,2
BRDA:120,17,1,0
BRDA:130,18,0,2
BRDA:130,18,1,0
BRDA:130,19,0,0
BRDA:130,19,1,0
BRDA:131,20,0,2
BRDA:131,20,1,0
BRDA:131,21,0,2
BRDA:131,21,1,0
BRDA:131,22,0,2
BRDA:131,22,1,0
BRDA:139,23,0,0
BRDA:139,23,1,1
BRDA:147,24,0,0
BRDA:147,24,1,1
BRDA:155,25,0,0
BRDA:155,25,1,1
BRDA:158,26,0,1
BRDA:158,26,1,0
BRDA:158,27,0,1
BRDA:158,27,1,0
BRDA:158,28,0,1
BRDA:158,28,1,0
BRDA:173,29,0,13
BRDA:173,29,1,0
BRDA:176,30,0,3
BRDA:176,30,1,2
BRF:62
BRH:36
end_of_record
TN:
SF:js\auth.js
FN:9,initLoginPage
FN:12,(anonymous_1)
FN:25,(anonymous_2)
FN:35,(anonymous_3)
FN:105,checkAuth
FN:126,(anonymous_5)
FN:135,logout
FN:136,(anonymous_7)
FN:142,capitalize
FNF:9
FNH:4
FNDA:0,initLoginPage
FNDA:0,(anonymous_1)
FNDA:0,(anonymous_2)
FNDA:0,(anonymous_3)
FNDA:3,checkAuth
FNDA:0,(anonymous_5)
FNDA:2,logout
FNDA:2,(anonymous_7)
FNDA:1,capitalize
DA:10,0
DA:11,0
DA:12,0
DA:13,0
DA:14,0
DA:15,0
DA:16,0
DA:18,0
DA:19,0
DA:20,0
DA:25,0
DA:26,0
DA:27,0
DA:29,0
DA:35,0
DA:39,0
DA:40,0
DA:41,0
DA:42,0
DA:43,0
DA:44,0
DA:45,0
DA:46,0
DA:47,0
DA:48,0
DA:51,0
DA:55,0
DA:56,0
DA:57,0
DA:58,0
DA:66,1
DA:78,1
DA:106,3
DA:107,2
DA:110,1
DA:111,1
DA:112,1
DA:113,1
DA:114,1
DA:115,1
DA:118,1
DA:119,1
DA:121,0
DA:122,0
DA:124,0
DA:126,0
DA:136,2
DA:137,2
DA:138,2
DA:143,1
LF:50
LH:16
BRDA:11,0,0,0
BRDA:11,0,1,0
BRDA:26,1,0,0
BRDA:26,1,1,0
BRDA:27,2,0,0
BRDA:27,2,1,0
BRDA:31,3,0,0
BRDA:31,3,1,0
BRDA:31,3,2,0
BRDA:34,4,0,0
BRDA:34,4,1,0
BRDA:34,4,2,0
BRDA:40,5,0,0
BRDA:40,5,1,0
BRDA:44,6,0,0
BRDA:44,6,1,0
BRDA:46,7,0,0
BRDA:46,7,1,0
BRDA:55,8,0,0
BRDA:55,8,1,0
BRDA:55,8,2,0
BRDA:106,9,0,3
BRDA:106,9,1,1
BRDA:107,10,0,1
BRDA:107,10,1,1
BRDA:113,11,0,1
BRDA:113,11,1,0
BRDA:113,12,0,1
BRDA:113,12,1,0
BRDA:113,12,2,0
BRDA:114,13,0,1
BRDA:114,13,1,0
BRDA:114,14,0,1
BRDA:114,14,1,0
BRDA:115,15,0,1
BRDA:115,15,1,0
BRDA:115,16,0,1
BRDA:115,16,1,0
BRDA:119,17,0,1
BRDA:119,17,1,0
BRDA:121,18,0,0
BRDA:121,18,1,0
BRDA:122,19,0,0
BRDA:122,19,1,0
BRDA:127,20,0,0
BRDA:127,20,1,0
BRDA:143,21,0,1
BRDA:143,21,1,0
BRF:48
BRH:12
end_of_record
TN:
SF:js\contributions.js
FN:22,getRole
FN:25,getUserName
FN:28,getUserEmail
FN:32,initContributions
FN:64,(anonymous_4)
FN:76,(anonymous_5)
FN:80,(anonymous_6)
FN:81,(anonymous_7)
FN:92,renderTable
FN:99,(anonymous_9)
FN:107,(anonymous_10)
FN:142,(anonymous_11)
FN:179,checkPayFastReturn
FN:190,(anonymous_13)
FN:200,(anonymous_14)
FN:204,(anonymous_15)
FN:212,(anonymous_16)
FN:216,(anonymous_17)
FN:226,escHtml
FN:229,capitalize
FNF:20
FNH:17
FNDA:6,getRole
FNDA:2,getUserName
FNDA:2,getUserEmail
FNDA:4,initContributions
FNDA:4,(anonymous_4)
FNDA:0,(anonymous_5)
FNDA:4,(anonymous_6)
FNDA:4,(anonymous_7)
FNDA:6,renderTable
FNDA:0,(anonymous_9)
FNDA:6,(anonymous_10)
FNDA:1,(anonymous_11)
FNDA:4,checkPayFastReturn
FNDA:0,(anonymous_13)
FNDA:1,(anonymous_14)
FNDA:1,(anonymous_15)
FNDA:1,(anonymous_16)
FNDA:1,(anonymous_17)
FNDA:14,escHtml
FNDA:7,capitalize
DA:16,1
DA:17,1
DA:18,1
DA:19,1
DA:20,1
DA:23,6
DA:26,2
DA:29,2
DA:33,4
DA:34,4
DA:35,4
DA:36,4
DA:37,4
DA:38,4
DA:40,4
DA:42,4
DA:44,4
DA:45,4
DA:48,4
DA:49,1
DA:54,4
DA:55,4
DA:56,4
DA:58,0
DA:60,0
DA:61,0
DA:64,4
DA:73,4
DA:74,4
DA:76,4
DA:78,4
DA:80,4
DA:81,4
DA:82,4
DA:83,4
DA:84,4
DA:87,4
DA:93,6
DA:94,6
DA:96,6
DA:97,6
DA:99,6
DA:101,6
DA:102,0
DA:104,0
DA:107,6
DA:108,6
DA:111,6
DA:114,6
DA:118,6
DA:128,6
DA:142,1
DA:143,1
DA:144,1
DA:147,1
DA:148,1
DA:149,1
DA:151,1
DA:165,1
DA:166,11
DA:167,11
DA:168,11
DA:169,11
DA:170,11
DA:171,11
DA:174,1
DA:175,1
DA:180,4
DA:181,4
DA:182,4
DA:184,0
DA:185,0
DA:186,0
DA:187,0
DA:189,0
DA:190,0
DA:191,0
DA:192,0
DA:194,0
DA:200,1
DA:201,1
DA:202,1
DA:203,1
DA:204,1
DA:205,1
DA:206,1
DA:208,0
DA:212,1
DA:213,1
DA:214,1
DA:215,1
DA:216,1
DA:217,1
DA:218,1
DA:220,0
DA:227,14
DA:230,7
LF:97
LH:81
BRDA:23,0,0,6
BRDA:23,0,1,1
BRDA:23,1,0,6
BRDA:23,1,1,1
BRDA:26,2,0,2
BRDA:26,2,1,0
BRDA:26,3,0,2
BRDA:26,3,1,0
BRDA:29,4,0,2
BRDA:29,4,1,0
BRDA:29,5,0,2
BRDA:29,5,1,0
BRDA:40,6,0,0
BRDA:40,6,1,4
BRDA:45,7,0,4
BRDA:45,7,1,4
BRDA:48,8,0,1
BRDA:48,8,1,3
BRDA:48,9,0,4
BRDA:48,9,1,2
BRDA:56,10,0,2
BRDA:56,10,1,2
BRDA:66,11,0,4
BRDA:66,11,1,0
BRDA:67,12,0,4
BRDA:67,12,1,0
BRDA:68,13,0,4
BRDA:68,13,1,0
BRDA:76,14,0,3
BRDA:76,14,1,1
BRDA:82,15,0,3
BRDA:82,15,1,1
BRDA:83,16,0,3
BRDA:83,16,1,1
BRDA:84,17,0,3
BRDA:84,17,1,1
BRDA:92,18,0,0
BRDA:94,19,0,0
BRDA:94,19,1,6
BRDA:96,20,0,6
BRDA:96,20,1,0
BRDA:97,21,0,6
BRDA:97,21,1,2
BRDA:99,22,0,6
BRDA:99,22,1,0
BRDA:101,23,0,0
BRDA:101,23,1,6
BRDA:103,24,0,0
BRDA:103,24,1,0
BRDA:108,25,0,3
BRDA:108,25,1,3
BRDA:109,26,0,2
BRDA:109,26,1,1
BRDA:111,27,0,4
BRDA:111,27,1,2
BRDA:114,28,0,2
BRDA:114,28,1,4
BRDA:118,29,0,4
BRDA:118,29,1,2
BRDA:120,30,0,1
BRDA:120,30,1,3
BRDA:123,31,0,0
BRDA:123,31,1,4
BRDA:156,32,0,1
BRDA:156,32,1,0
BRDA:157,33,0,1
BRDA:157,33,1,0
BRDA:166,34,0,0
BRDA:166,34,1,11
BRDA:182,35,0,4
BRDA:182,35,1,0
BRDA:189,36,0,0
BRDA:189,36,1,0
BRDA:191,37,0,0
BRDA:191,37,1,0
BRDA:204,38,0,1
BRDA:204,38,1,0
BRDA:205,39,0,1
BRDA:205,39,1,0
BRDA:206,40,0,1
BRDA:206,40,1,0
BRDA:216,41,0,1
BRDA:216,41,1,0
BRDA:217,42,0,1
BRDA:217,42,1,0
BRDA:218,43,0,1
BRDA:218,43,1,0
BRDA:227,44,0,14
BRDA:227,44,1,0
BRDA:230,45,0,7
BRDA:230,45,1,0
BRF:91
BRH:59
end_of_record
TN:
SF:js\dashboards.js
FN:12,safeGetAllContributions
FN:22,safeGetMyMeetings
FN:36,initMemberDashboard
FN:49,loadMemberStats
FN:52,(anonymous_4)
FN:53,(anonymous_5)
FN:54,(anonymous_6)
FN:62,(anonymous_7)
FN:79,loadMemberGroups
FN:93,(anonymous_9)
FN:133,loadRecentContributions
FN:146,(anonymous_11)
FN:161,loadNextMeeting
FN:167,(anonymous_13)
FN:181,initTreasurerDashboard
FN:188,(anonymous_15)
FN:189,(anonymous_16)
FN:190,(anonymous_17)
FN:191,(anonymous_18)
FN:202,loadTreasurerStats
FN:207,(anonymous_20)
FN:210,(anonymous_21)
FN:215,(anonymous_22)
FN:226,loadTreasurerRecentContributions
FN:239,(anonymous_24)
FN:259,initMyGroups
FN:272,(anonymous_26)
FN:284,(anonymous_27)
FN:323,escHtml
FN:326,capitalize
FNF:30
FNH:10
FNDA:2,safeGetAllContributions
FNDA:0,safeGetMyMeetings
FNDA:2,initMemberDashboard
FNDA:2,loadMemberStats
FNDA:0,(anonymous_4)
FNDA:0,(anonymous_5)
FNDA:0,(anonymous_6)
FNDA:0,(anonymous_7)
FNDA:2,loadMemberGroups
FNDA:0,(anonymous_9)
FNDA:2,loadRecentContributions
FNDA:0,(anonymous_11)
FNDA:2,loadNextMeeting
FNDA:0,(anonymous_13)
FNDA:2,initTreasurerDashboard
FNDA:0,(anonymous_15)
FNDA:0,(anonymous_16)
FNDA:0,(anonymous_17)
FNDA:0,(anonymous_18)
FNDA:2,loadTreasurerStats
FNDA:0,(anonymous_20)
FNDA:0,(anonymous_21)
FNDA:0,(anonymous_22)
FNDA:2,loadTreasurerRecentContributions
FNDA:0,(anonymous_24)
FNDA:2,initMyGroups
FNDA:0,(anonymous_26)
FNDA:0,(anonymous_27)
FNDA:0,escHtml
FNDA:0,capitalize
DA:13,2
DA:14,2
DA:15,2
DA:17,0
DA:18,0
DA:23,0
DA:24,0
DA:25,0
DA:27,0
DA:28,0
DA:37,2
DA:39,2
DA:40,2
DA:43,2
DA:44,2
DA:45,2
DA:46,2
DA:50,2
DA:51,2
DA:52,2
DA:53,2
DA:54,2
DA:56,2
DA:57,2
DA:58,2
DA:59,2
DA:62,2
DA:63,2
DA:64,2
DA:67,2
DA:68,2
DA:69,0
DA:70,2
DA:71,2
DA:72,2
DA:75,0
DA:80,2
DA:81,2
DA:82,2
DA:84,1
DA:85,1
DA:86,1
DA:88,1
DA:89,1
DA:90,1
DA:93,0
DA:94,0
DA:95,0
DA:96,0
DA:128,0
DA:129,0
DA:134,2
DA:135,2
DA:137,0
DA:138,0
DA:139,0
DA:141,0
DA:142,0
DA:143,0
DA:146,0
DA:147,0
DA:149,0
DA:157,0
DA:162,2
DA:163,2
DA:165,0
DA:166,0
DA:167,0
DA:168,0
DA:169,0
DA:170,0
DA:173,0
DA:183,2
DA:184,2
DA:185,2
DA:186,2
DA:188,2
DA:189,2
DA:190,2
DA:191,2
DA:194,2
DA:195,2
DA:198,2
DA:199,2
DA:203,2
DA:204,2
DA:205,2
DA:207,0
DA:208,0
DA:209,0
DA:211,0
DA:212,0
DA:213,0
DA:215,0
DA:217,0
DA:218,0
DA:219,0
DA:220,0
DA:222,0
DA:227,2
DA:228,2
DA:230,0
DA:231,0
DA:232,0
DA:234,0
DA:235,0
DA:236,0
DA:239,0
DA:240,0
DA:242,0
DA:251,0
DA:260,2
DA:261,2
DA:262,2
DA:264,2
DA:265,1
DA:267,1
DA:268,1
DA:270,1
DA:271,1
DA:272,0
DA:275,1
DA:276,1
DA:281,1
DA:284,0
DA:285,0
DA:286,0
DA:287,0
DA:289,0
DA:316,0
DA:317,0
DA:324,0
DA:327,0
LF:133
LH:69
BRDA:37,0,0,2
BRDA:37,0,1,0
BRDA:40,1,0,0
BRDA:40,1,1,2
BRDA:40,2,0,2
BRDA:40,2,1,0
BRDA:58,3,0,0
BRDA:58,3,1,2
BRDA:59,4,0,0
BRDA:59,4,1,2
BRDA:64,5,0,0
BRDA:64,5,1,2
BRDA:64,6,0,0
BRDA:64,6,1,0
BRDA:68,7,0,0
BRDA:68,7,1,2
BRDA:68,8,0,2
BRDA:68,8,1,0
BRDA:70,9,0,2
BRDA:70,9,1,0
BRDA:72,10,0,0
BRDA:72,10,1,2
BRDA:82,11,0,1
BRDA:82,11,1,1
BRDA:86,12,0,0
BRDA:86,12,1,1
BRDA:88,13,0,1
BRDA:88,13,1,0
BRDA:94,14,0,0
BRDA:94,14,1,0
BRDA:95,15,0,0
BRDA:95,15,1,0
BRDA:109,16,0,0
BRDA:109,16,1,0
BRDA:119,17,0,0
BRDA:119,17,1,0
BRDA:129,18,0,0
BRDA:129,18,1,0
BRDA:135,19,0,2
BRDA:135,19,1,0
BRDA:141,20,0,0
BRDA:141,20,1,0
BRDA:147,21,0,0
BRDA:147,21,1,0
BRDA:148,22,0,0
BRDA:148,22,1,0
BRDA:151,23,0,0
BRDA:151,23,1,0
BRDA:163,24,0,2
BRDA:163,24,1,0
BRDA:168,25,0,0
BRDA:168,25,1,0
BRDA:188,26,0,0
BRDA:188,26,1,2
BRDA:189,27,0,0
BRDA:189,27,1,2
BRDA:190,28,0,0
BRDA:190,28,1,2
BRDA:191,29,0,0
BRDA:191,29,1,2
BRDA:195,30,0,0
BRDA:195,30,1,2
BRDA:205,31,0,2
BRDA:205,31,1,0
BRDA:211,32,0,0
BRDA:211,32,1,0
BRDA:213,33,0,0
BRDA:213,33,1,0
BRDA:219,34,0,0
BRDA:219,34,1,0
BRDA:220,35,0,0
BRDA:220,35,1,0
BRDA:228,36,0,2
BRDA:228,36,1,0
BRDA:234,37,0,0
BRDA:234,37,1,0
BRDA:240,38,0,0
BRDA:240,38,1,0
BRDA:241,39,0,0
BRDA:241,39,1,0
BRDA:243,40,0,0
BRDA:243,40,1,0
BRDA:245,41,0,0
BRDA:245,41,1,0
BRDA:264,42,0,1
BRDA:264,42,1,1
BRDA:270,43,0,0
BRDA:270,43,1,1
BRDA:271,44,0,0
BRDA:271,44,1,1
BRDA:272,45,0,0
BRDA:272,45,1,0
BRDA:275,46,0,1
BRDA:275,46,1,0
BRDA:285,47,0,0
BRDA:285,47,1,0
BRDA:286,48,0,0
BRDA:286,48,1,0
BRDA:287,49,0,0
BRDA:287,49,1,0
BRDA:288,50,0,0
BRDA:288,50,1,0
BRDA:297,51,0,0
BRDA:297,51,1,0
BRDA:303,52,0,0
BRDA:303,52,1,0
BRDA:324,53,0,0
BRDA:324,53,1,0
BRDA:327,54,0,0
BRDA:327,54,1,0
BRF:110
BRH:28
end_of_record
TN:
SF:js\groups.js
FN:5,initCreateGroup
FN:15,(anonymous_1)
FN:45,(anonymous_2)
FNF:3
FNH:1
FNDA:3,initCreateGroup
FNDA:0,(anonymous_1)
FNDA:0,(anonymous_2)
DA:6,3
DA:8,3
DA:9,1
DA:10,1
DA:13,2
DA:15,2
DA:16,0
DA:18,0
DA:19,0
DA:20,0
DA:21,0
DA:23,0
DA:24,0
DA:25,0
DA:27,0
DA:28,0
DA:29,0
DA:31,0
DA:32,0
DA:33,0
DA:36,0
DA:37,0
DA:38,0
DA:41,0
DA:42,0
DA:44,0
DA:45,0
DA:48,0
DA:49,0
DA:51,0
DA:52,0
DA:53,0
LF:32
LH:6
BRDA:8,0,0,1
BRDA:8,0,1,2
BRDA:21,1,0,0
BRDA:21,1,1,0
BRDA:23,2,0,0
BRDA:23,2,1,0
BRDA:27,3,0,0
BRDA:27,3,1,0
BRDA:27,4,0,0
BRDA:27,4,1,0
BRDA:27,4,2,0
BRDA:31,5,0,0
BRDA:31,5,1,0
BRDA:36,6,0,0
BRDA:36,6,1,0
BRDA:51,7,0,0
BRDA:51,7,1,0
BRF:17
BRH:2
end_of_record
TN:
SF:js\interest-rates.js
FN:18,calculateProjectedSavings
FN:28,updateRateDisplay
FN:50,runCalculator
FN:76,initInterestRates
FNF:4
FNH:4
FNDA:26,calculateProjectedSavings
FNDA:1,updateRateDisplay
FNDA:1,runCalculator
FNDA:1,initInterestRates
DA:14,1
DA:15,1
DA:19,26
DA:20,26
DA:21,26
DA:22,407
DA:24,26
DA:29,1
DA:30,1
DA:31,1
DA:32,1
DA:34,1
DA:35,1
DA:37,1
DA:38,0
DA:39,0
DA:42,1
DA:45,1
DA:46,1
DA:51,1
DA:52,1
DA:53,1
DA:54,1
DA:56,1
DA:58,0
DA:59,0
DA:60,0
DA:62,0
DA:63,0
DA:64,0
DA:67,0
DA:68,0
DA:70,0
DA:71,0
DA:78,1
DA:79,1
DA:80,1
DA:81,1
DA:83,1
DA:84,1
DA:85,1
DA:87,0
DA:88,0
DA:92,1
DA:93,1
DA:96,1
DA:97,1
DA:98,1
DA:99,1
DA:102,1
DA:105,1
DA:106,0
DA:108,1
LF:53
LH:38
BRDA:34,0,0,0
BRDA:34,0,1,1
BRDA:35,1,0,0
BRDA:35,1,1,1
BRDA:37,2,0,0
BRDA:37,2,1,1
BRDA:38,3,0,0
BRDA:38,3,1,0
BRDA:42,4,0,0
BRDA:42,4,1,1
BRDA:42,5,0,0
BRDA:42,5,1,0
BRDA:56,6,0,1
BRDA:56,6,1,0
BRDA:56,7,0,1
BRDA:56,7,1,0
BRDA:56,7,2,0
BRDA:60,8,0,0
BRDA:60,8,1,0
BRDA:62,9,0,0
BRDA:62,9,1,0
BRDA:62,10,0,0
BRDA:62,10,1,0
BRDA:62,10,2,0
BRDA:62,10,3,0
BRDA:70,11,0,0
BRDA:70,11,1,0
BRDA:80,12,0,0
BRDA:80,12,1,1
BRDA:81,13,0,0
BRDA:81,13,1,1
BRDA:93,14,0,0
BRDA:93,14,1,1
BRDA:98,15,0,0
BRDA:98,15,1,1
BRDA:99,16,0,0
BRDA:99,16,1,1
BRDA:105,17,0,0
BRDA:105,17,1,1
BRF:39
BRH:12
end_of_record
TN:
SF:js\invites.js
FN:19,loadEmailJS
FN:20,(anonymous_1)
FN:24,(anonymous_2)
FN:32,initInviteMembers
FN:40,(anonymous_4)
FN:73,(anonymous_5)
FN:118,loadGroups
FN:134,(anonymous_7)
FN:135,(anonymous_8)
FN:174,(anonymous_9)
FN:182,(anonymous_10)
FN:186,renderInviteList
FN:208,(anonymous_12)
FNF:13
FNH:11
FNDA:8,loadEmailJS
FNDA:8,(anonymous_1)
FNDA:0,(anonymous_2)
FNDA:8,initInviteMembers
FNDA:4,(anonymous_4)
FNDA:1,(anonymous_5)
FNDA:8,loadGroups
FNDA:7,(anonymous_7)
FNDA:0,(anonymous_8)
FNDA:7,(anonymous_9)
FNDA:14,(anonymous_10)
FNDA:9,renderInviteList
FNDA:1,(anonymous_12)
DA:6,1
DA:7,1
DA:8,1
DA:12,1
DA:16,1
DA:20,8
DA:21,8
DA:22,0
DA:23,0
DA:24,0
DA:25,0
DA:26,0
DA:28,0
DA:33,8
DA:34,8
DA:35,8
DA:37,8
DA:38,8
DA:40,7
DA:41,4
DA:43,4
DA:44,4
DA:45,4
DA:47,4
DA:48,4
DA:49,4
DA:51,4
DA:52,1
DA:53,1
DA:55,3
DA:56,1
DA:57,1
DA:60,2
DA:61,2
DA:62,2
DA:64,2
DA:66,2
DA:69,1
DA:70,1
DA:73,1
DA:74,1
DA:77,1
DA:78,1
DA:83,1
DA:91,1
DA:92,1
DA:93,1
DA:94,1
DA:97,1
DA:99,1
DA:101,0
DA:103,1
DA:106,2
DA:107,2
DA:119,8
DA:120,8
DA:121,1
DA:122,1
DA:125,7
DA:128,7
DA:130,7
DA:132,7
DA:133,7
DA:134,7
DA:135,7
DA:137,7
DA:138,7
DA:140,0
DA:141,0
DA:144,7
DA:145,7
DA:146,7
DA:148,0
DA:149,0
DA:152,0
DA:153,0
DA:157,7
DA:159,7
DA:160,0
DA:161,0
DA:162,0
DA:163,0
DA:164,0
DA:168,7
DA:169,7
DA:170,7
DA:171,7
DA:174,7
DA:175,7
DA:176,7
DA:177,7
DA:178,7
DA:181,7
DA:182,14
DA:187,9
DA:188,9
DA:190,8
DA:192,8
DA:193,0
DA:197,0
DA:200,8
DA:202,8
DA:203,8
DA:204,8
DA:205,7
DA:206,7
DA:208,1
DA:224,0
DA:225,0
LF:109
LH:87
BRDA:21,0,0,8
BRDA:21,0,1,0
BRDA:38,1,0,1
BRDA:38,1,1,7
BRDA:48,2,0,4
BRDA:48,2,1,1
BRDA:49,3,0,4
BRDA:49,3,1,0
BRDA:51,4,0,1
BRDA:51,4,1,3
BRDA:51,5,0,4
BRDA:51,5,1,4
BRDA:55,6,0,1
BRDA:55,6,1,2
BRDA:74,7,0,1
BRDA:74,7,1,0
BRDA:78,8,0,1
BRDA:78,8,1,0
BRDA:79,9,0,1
BRDA:79,9,1,0
BRDA:79,9,2,0
BRDA:93,10,0,1
BRDA:93,10,1,0
BRDA:99,11,0,0
BRDA:99,11,1,1
BRDA:120,12,0,1
BRDA:120,12,1,7
BRDA:144,13,0,7
BRDA:144,13,1,0
BRDA:144,14,0,7
BRDA:144,14,1,7
BRDA:159,15,0,0
BRDA:159,15,1,7
BRDA:188,16,0,1
BRDA:188,16,1,8
BRDA:190,17,0,8
BRDA:190,17,1,7
BRDA:190,18,0,7
BRDA:190,18,1,0
BRDA:192,19,0,0
BRDA:192,19,1,8
BRDA:192,20,0,8
BRDA:192,20,1,8
BRDA:204,21,0,7
BRDA:204,21,1,1
BRDA:212,22,0,1
BRDA:212,22,1,0
BRDA:215,23,0,1
BRDA:215,23,1,0
BRDA:218,24,0,0
BRDA:218,24,1,1
BRF:51
BRH:36
end_of_record
TN:
SF:js\meetings.js
FN:13,getRole
FN:17,initMeetings
FN:33,loadMeetings
FN:52,(anonymous_3)
FN:53,(anonymous_4)
FN:59,(anonymous_5)
FN:64,(anonymous_6)
FN:72,renderMeetingCard
FN:125,populateGroupDropdown
FN:131,(anonymous_9)
FN:138,wireScheduleForm
FN:142,(anonymous_11)
FN:178,(anonymous_12)
FN:193,(anonymous_13)
FN:204,escHtml
FNF:15
FNH:5
FNDA:2,getRole
FNDA:2,initMeetings
FNDA:2,loadMeetings
FNDA:0,(anonymous_3)
FNDA:0,(anonymous_4)
FNDA:0,(anonymous_5)
FNDA:0,(anonymous_6)
FNDA:0,renderMeetingCard
FNDA:1,populateGroupDropdown
FNDA:0,(anonymous_9)
FNDA:1,wireScheduleForm
FNDA:0,(anonymous_11)
FNDA:0,(anonymous_12)
FNDA:0,(anonymous_13)
FNDA:0,escHtml
DA:14,2
DA:18,2
DA:19,2
DA:22,2
DA:23,2
DA:25,2
DA:27,2
DA:28,1
DA:29,1
DA:34,2
DA:35,2
DA:37,1
DA:39,1
DA:40,1
DA:42,1
DA:43,1
DA:44,1
DA:47,0
DA:48,0
DA:49,0
DA:52,0
DA:53,0
DA:55,0
DA:57,0
DA:58,0
DA:59,0
DA:62,0
DA:63,0
DA:64,0
DA:68,0
DA:73,0
DA:76,0
DA:79,0
DA:81,0
DA:126,1
DA:127,1
DA:128,1
DA:129,1
DA:130,1
DA:131,0
DA:134,0
DA:139,1
DA:140,1
DA:142,1
DA:143,0
DA:144,0
DA:145,0
DA:146,0
DA:148,0
DA:149,0
DA:150,0
DA:151,0
DA:152,0
DA:153,0
DA:154,0
DA:156,0
DA:157,0
DA:158,0
DA:161,0
DA:163,0
DA:164,0
DA:165,0
DA:166,0
DA:168,0
DA:170,0
DA:171,0
DA:178,1
DA:179,0
DA:180,0
DA:181,0
DA:182,0
DA:184,0
DA:185,0
DA:186,0
DA:187,0
DA:189,0
DA:193,1
DA:194,0
DA:195,0
DA:196,0
DA:197,0
DA:198,0
DA:200,0
DA:205,0
LF:84
LH:27
BRDA:14,0,0,2
BRDA:14,0,1,1
BRDA:14,1,0,2
BRDA:14,1,1,1
BRDA:19,2,0,2
BRDA:19,2,1,2
BRDA:23,3,0,1
BRDA:23,3,1,1
BRDA:23,4,0,1
BRDA:23,4,1,0
BRDA:27,5,0,1
BRDA:27,5,1,1
BRDA:35,6,0,1
BRDA:35,6,1,1
BRDA:42,7,0,1
BRDA:42,7,1,0
BRDA:48,8,0,0
BRDA:48,8,1,0
BRDA:57,9,0,0
BRDA:57,9,1,0
BRDA:62,10,0,0
BRDA:62,10,1,0
BRDA:79,11,0,0
BRDA:79,11,1,0
BRDA:86,12,0,0
BRDA:86,12,1,0
BRDA:88,13,0,0
BRDA:88,13,1,0
BRDA:89,14,0,0
BRDA:89,14,1,0
BRDA:96,15,0,0
BRDA:96,15,1,0
BRDA:99,16,0,0
BRDA:99,16,1,0
BRDA:105,17,0,0
BRDA:105,17,1,0
BRDA:111,18,0,0
BRDA:111,18,1,0
BRDA:111,19,0,0
BRDA:111,19,1,0
BRDA:111,19,2,0
BRDA:119,20,0,0
BRDA:119,20,1,0
BRDA:127,21,0,0
BRDA:127,21,1,1
BRDA:130,22,0,0
BRDA:130,22,1,1
BRDA:140,23,0,0
BRDA:140,23,1,1
BRDA:152,24,0,0
BRDA:152,24,1,0
BRDA:153,25,0,0
BRDA:153,25,1,0
BRDA:154,26,0,0
BRDA:154,26,1,0
BRDA:156,27,0,0
BRDA:156,27,1,0
BRDA:156,28,0,0
BRDA:156,28,1,0
BRDA:156,28,2,0
BRDA:180,29,0,0
BRDA:180,29,1,0
BRDA:180,30,0,0
BRDA:180,30,1,0
BRDA:194,31,0,0
BRDA:194,31,1,0
BRDA:205,32,0,0
BRDA:205,32,1,0
BRF:68
BRH:17
end_of_record
TN:
SF:js\payouts.js
FN:13,getRole
FN:16,getUserId
FN:20,initPayouts
FN:28,loadGroupSelector
FN:34,(anonymous_4)
FN:37,(anonymous_5)
FN:46,loadPayoutSchedule
FN:70,(anonymous_7)
FN:96,loadMembersForEditor
FN:105,(anonymous_9)
FN:110,(anonymous_10)
FN:112,(anonymous_11)
FN:113,(anonymous_12)
FN:114,(anonymous_13)
FN:115,(anonymous_14)
FN:118,(anonymous_15)
FN:128,(anonymous_16)
FN:129,(anonymous_17)
FN:145,enableDragSort
FN:147,(anonymous_19)
FN:152,(anonymous_20)
FN:161,(anonymous_21)
FN:165,(anonymous_22)
FN:170,(anonymous_23)
FN:181,escHtml
FN:184,capitalize
FNF:26
FNH:21
FNDA:13,getRole
FNDA:8,getUserId
FNDA:4,initPayouts
FNDA:4,loadGroupSelector
FNDA:4,(anonymous_4)
FNDA:0,(anonymous_5)
FNDA:6,loadPayoutSchedule
FNDA:1,(anonymous_7)
FNDA:6,loadMembersForEditor
FNDA:12,(anonymous_9)
FNDA:12,(anonymous_10)
FNDA:6,(anonymous_11)
FNDA:6,(anonymous_12)
FNDA:1,(anonymous_13)
FNDA:1,(anonymous_14)
FNDA:12,(anonymous_15)
FNDA:1,(anonymous_16)
FNDA:2,(anonymous_17)
FNDA:6,enableDragSort
FNDA:0,(anonymous_19)
FNDA:0,(anonymous_20)
FNDA:0,(anonymous_21)
FNDA:0,(anonymous_22)
FNDA:1,(anonymous_23)
FNDA:7,escHtml
FNDA:3,capitalize
DA:14,13
DA:17,8
DA:21,4
DA:22,4
DA:23,4
DA:24,4
DA:25,4
DA:29,4
DA:30,4
DA:31,4
DA:32,4
DA:33,4
DA:34,4
DA:35,4
DA:37,4
DA:38,0
DA:40,4
DA:42,0
DA:47,6
DA:48,6
DA:49,6
DA:50,6
DA:51,6
DA:52,6
DA:53,6
DA:54,6
DA:55,6
DA:56,5
DA:59,5
DA:60,5
DA:62,1
DA:71,1
DA:72,1
DA:73,1
DA:74,1
DA:90,1
DA:92,0
DA:97,6
DA:98,6
DA:99,6
DA:101,6
DA:102,0
DA:103,0
DA:105,12
DA:106,6
DA:108,6
DA:109,12
DA:110,12
DA:111,6
DA:112,6
DA:113,6
DA:114,6
DA:115,6
DA:116,6
DA:118,12
DA:125,6
DA:126,6
DA:127,6
DA:128,6
DA:129,2
DA:130,1
DA:131,1
DA:132,1
DA:133,1
DA:134,1
DA:135,1
DA:137,0
DA:139,1
DA:146,6
DA:147,6
DA:148,0
DA:149,0
DA:150,0
DA:152,6
DA:153,0
DA:154,0
DA:155,0
DA:156,0
DA:157,0
DA:158,0
DA:159,0
DA:160,0
DA:161,0
DA:162,0
DA:165,6
DA:166,0
DA:170,1
DA:171,1
DA:172,1
DA:173,1
DA:174,1
DA:175,1
DA:177,0
DA:182,7
DA:185,3
LF:95
LH:74
BRDA:14,0,0,13
BRDA:14,0,1,1
BRDA:14,1,0,13
BRDA:14,1,1,1
BRDA:17,2,0,8
BRDA:17,2,1,0
BRDA:17,3,0,8
BRDA:17,3,1,0
BRDA:22,4,0,4
BRDA:22,4,1,4
BRDA:24,5,0,4
BRDA:24,5,1,0
BRDA:24,6,0,4
BRDA:24,6,1,0
BRDA:30,7,0,0
BRDA:30,7,1,4
BRDA:33,8,0,0
BRDA:33,8,1,4
BRDA:50,9,0,6
BRDA:50,9,1,6
BRDA:51,10,0,0
BRDA:51,10,1,6
BRDA:55,11,0,5
BRDA:55,11,1,1
BRDA:56,12,0,5
BRDA:56,12,1,0
BRDA:59,13,0,5
BRDA:59,13,1,0
BRDA:67,14,0,1
BRDA:67,14,1,0
BRDA:72,15,0,0
BRDA:72,15,1,1
BRDA:72,16,0,0
BRDA:72,16,1,1
BRDA:73,17,0,1
BRDA:73,17,1,0
BRDA:75,18,0,1
BRDA:75,18,1,0
BRDA:77,19,0,1
BRDA:77,19,1,0
BRDA:78,20,0,1
BRDA:78,20,1,0
BRDA:79,21,0,1
BRDA:79,21,1,0
BRDA:81,22,0,1
BRDA:81,22,1,0
BRDA:82,23,0,1
BRDA:82,23,1,0
BRDA:90,24,0,1
BRDA:90,24,1,0
BRDA:98,25,0,0
BRDA:98,25,1,6
BRDA:101,26,0,0
BRDA:101,26,1,6
BRDA:101,27,0,6
BRDA:101,27,1,6
BRDA:109,28,0,6
BRDA:109,28,1,0
BRDA:110,29,0,12
BRDA:110,29,1,0
BRDA:114,30,0,6
BRDA:114,30,1,6
BRDA:115,31,0,6
BRDA:115,31,1,5
BRDA:122,32,0,12
BRDA:122,32,1,0
BRDA:127,33,0,6
BRDA:127,33,1,0
BRDA:132,34,0,1
BRDA:132,34,1,0
BRDA:149,35,0,0
BRDA:149,35,1,0
BRDA:153,36,0,0
BRDA:153,36,1,0
BRDA:155,37,0,0
BRDA:155,37,1,0
BRDA:155,38,0,0
BRDA:155,38,1,0
BRDA:158,39,0,0
BRDA:158,39,1,0
BRDA:159,40,0,0
BRDA:159,40,1,0
BRDA:166,41,0,0
BRDA:166,41,1,0
BRDA:171,42,0,0
BRDA:171,42,1,1
BRDA:182,43,0,7
BRDA:182,43,1,1
BRDA:185,44,0,2
BRDA:185,44,1,1
BRF:90
BRH:48
end_of_record
TN:
SF:js\utils.js
FN:2,formatCurrency
FN:10,formatDate
FN:15,showToast
FN:33,(anonymous_3)
FN:35,(anonymous_4)
FNF:5
FNH:3
FNDA:8,formatCurrency
FNDA:6,formatDate
FNDA:7,showToast
FNDA:0,(anonymous_3)
FNDA:0,(anonymous_4)
DA:3,8
DA:11,6
DA:12,6
DA:16,7
DA:17,7
DA:19,6
DA:20,6
DA:21,6
DA:31,6
DA:33,6
DA:34,0
DA:35,0
LF:12
LH:10
BRDA:15,0,0,0
BRDA:17,1,0,1
BRDA:17,1,1,6
BRDA:23,2,0,4
BRDA:23,2,1,2
BRF:5
BRH:4
end_of_record
