TN:
SF:server.js
FN:19,(anonymous_0)
FN:25,(anonymous_1)
FN:30,(anonymous_2)
FNF:3
FNH:0
FNDA:0,(anonymous_0)
FNDA:0,(anonymous_1)
FNDA:0,(anonymous_2)
DA:1,1
DA:2,1
DA:3,1
DA:4,1
DA:6,1
DA:7,1
DA:9,1
DA:10,1
DA:13,1
DA:14,1
DA:16,1
DA:17,1
DA:19,1
DA:20,0
DA:23,1
DA:25,1
DA:26,0
DA:29,1
DA:30,0
DA:33,1
LF:20
LH:17
BRDA:7,0,0,1
BRDA:7,0,1,0
BRDA:29,1,0,0
BRDA:29,1,1,1
BRF:4
BRH:2
end_of_record
TN:
SF:__tests__\group-logic.js
FN:1,validateGroup
FNF:1
FNH:1
FNDA:5,validateGroup
DA:2,5
DA:3,4
DA:4,2
DA:8,1
DA:9,1
LF:5
LH:5
BRDA:2,0,0,1
BRDA:2,0,1,4
BRDA:3,1,0,2
BRDA:3,1,1,2
BRDA:8,2,0,1
BRDA:8,2,1,0
BRF:6
BRH:5
end_of_record
TN:
SF:__tests__\utils-logic.js
FN:3,formatCurrency
FN:11,formatDate
FNF:2
FNH:2
FNDA:3,formatCurrency
FNDA:2,formatDate
DA:4,3
DA:12,2
DA:13,2
DA:16,1
LF:4
LH:4
BRF:0
BRH:0
end_of_record
TN:
SF:routes\auth.js
FNF:0
FNH:0
LF:0
LH:0
BRF:0
BRH:0
end_of_record
TN:
SF:routes\contributions.js
FNF:0
FNH:0
LF:0
LH:0
BRF:0
BRH:0
end_of_record
TN:
SF:routes\groups.js
FN:11,(anonymous_0)
FN:49,(anonymous_1)
FN:54,(anonymous_2)
FN:55,(anonymous_3)
FN:61,(anonymous_4)
FN:62,(anonymous_5)
FN:83,(anonymous_6)
FN:84,(anonymous_7)
FNF:8
FNH:8
FNDA:10,(anonymous_0)
FNDA:1,(anonymous_1)
FNDA:2,(anonymous_2)
FNDA:5,(anonymous_3)
FNDA:2,(anonymous_4)
FNDA:9,(anonymous_5)
FNDA:2,(anonymous_6)
FNDA:12,(anonymous_7)
DA:1,1
DA:2,1
DA:6,1
DA:7,1
DA:11,1
DA:18,10
DA:21,10
DA:22,1
DA:25,9
DA:26,1
DA:29,8
DA:30,1
DA:33,7
DA:44,7
DA:45,7
DA:49,1
DA:50,1
DA:54,1
DA:55,5
DA:56,2
DA:57,1
DA:61,1
DA:62,9
DA:63,2
DA:71,1
DA:73,1
DA:74,1
DA:75,1
DA:76,1
DA:77,1
DA:79,1
DA:83,1
DA:84,12
DA:85,2
DA:87,1
DA:88,1
DA:91,1
LF:37
LH:37
BRDA:21,0,0,1
BRDA:21,0,1,9
BRDA:21,1,0,10
BRDA:21,1,1,9
BRDA:21,1,2,9
BRDA:25,2,0,1
BRDA:25,2,1,8
BRDA:25,3,0,9
BRDA:25,3,1,8
BRDA:25,3,2,8
BRDA:29,4,0,1
BRDA:29,4,1,7
BRDA:37,5,0,7
BRDA:37,5,1,6
BRDA:39,6,0,7
BRDA:39,6,1,7
BRDA:56,7,0,1
BRDA:56,7,1,1
BRDA:63,8,0,1
BRDA:63,8,1,1
BRDA:73,9,0,1
BRDA:73,9,1,0
BRDA:74,10,0,1
BRDA:74,10,1,0
BRDA:75,11,0,0
BRDA:75,11,1,1
BRDA:76,12,0,0
BRDA:76,12,1,1
BRDA:77,13,0,0
BRDA:77,13,1,1
BRDA:85,14,0,1
BRDA:85,14,1,1
BRF:32
BRH:27
end_of_record
TN:
SF:routes\invites.js
FN:10,(anonymous_0)
FN:33,(anonymous_1)
FN:53,(anonymous_2)
FN:58,(anonymous_3)
FN:59,(anonymous_4)
FNF:5
FNH:5
FNDA:9,(anonymous_0)
FNDA:7,(anonymous_1)
FNDA:1,(anonymous_2)
FNDA:2,(anonymous_3)
FNDA:6,(anonymous_4)
DA:1,1
DA:2,1
DA:5,1
DA:6,1
DA:10,1
DA:11,9
DA:14,9
DA:15,1
DA:18,8
DA:19,8
DA:20,1
DA:23,7
DA:24,1
DA:27,6
DA:28,6
DA:29,1
DA:33,7
DA:34,5
DA:35,1
DA:38,4
DA:48,4
DA:49,4
DA:53,1
DA:54,1
DA:58,1
DA:59,6
DA:60,2
DA:62,1
DA:63,1
DA:66,1
LF:30
LH:30
BRDA:14,0,0,1
BRDA:14,0,1,8
BRDA:14,1,0,9
BRDA:14,1,1,8
BRDA:14,1,2,8
BRDA:19,2,0,1
BRDA:19,2,1,7
BRDA:23,3,0,1
BRDA:23,3,1,6
BRDA:23,4,0,7
BRDA:23,4,1,6
BRDA:23,4,2,6
BRDA:28,5,0,1
BRDA:28,5,1,5
BRDA:28,6,0,6
BRDA:28,6,1,6
BRDA:34,7,0,1
BRDA:34,7,1,4
BRDA:43,8,0,4
BRDA:43,8,1,4
BRDA:60,9,0,1
BRDA:60,9,1,1
BRF:22
BRH:22
end_of_record
