<?xml version="1.0" encoding="UTF-8"?>
<coverage generated="1776196387405" clover="3.2.0">
  <project timestamp="1776196387408" name="All files">
    <metrics statements="92" coveredstatements="89" conditionals="64" coveredconditionals="57" methods="17" coveredmethods="14" elements="173" coveredelements="160" complexity="0" loc="92" ncloc="92" packages="3" files="4" classes="4"/>
    <package name="backend">
      <metrics statements="20" coveredstatements="17" conditionals="4" coveredconditionals="3" methods="3" coveredmethods="0"/>
      <file name="server.js" path="C:\Users\boitu\OneDrive - University of Witwatersrand\VS Code\Stokvel Management Platform\Stokvel-Management-Platform\backend\server.js">
        <metrics statements="20" coveredstatements="17" conditionals="4" coveredconditionals="3" methods="3" coveredmethods="0"/>
        <line num="1" count="1" type="stmt"/>
        <line num="2" count="1" type="stmt"/>
        <line num="3" count="1" type="stmt"/>
        <line num="4" count="1" type="stmt"/>
        <line num="6" count="1" type="stmt"/>
        <line num="7" count="1" type="cond" truecount="2" falsecount="0"/>
        <line num="9" count="1" type="stmt"/>
        <line num="10" count="1" type="stmt"/>
        <line num="13" count="1" type="stmt"/>
        <line num="14" count="1" type="stmt"/>
        <line num="16" count="1" type="stmt"/>
        <line num="17" count="1" type="stmt"/>
        <line num="19" count="1" type="stmt"/>
        <line num="20" count="0" type="stmt"/>
        <line num="23" count="1" type="stmt"/>
        <line num="25" count="1" type="stmt"/>
        <line num="26" count="0" type="stmt"/>
        <line num="29" count="1" type="cond" truecount="1" falsecount="1"/>
        <line num="30" count="0" type="stmt"/>
        <line num="33" count="1" type="stmt"/>
      </file>
    </package>
    <package name="backend.routes">
      <metrics statements="67" coveredstatements="67" conditionals="54" coveredconditionals="49" methods="13" coveredmethods="13"/>
      <file name="groups.js" path="C:\Users\boitu\OneDrive - University of Witwatersrand\VS Code\Stokvel Management Platform\Stokvel-Management-Platform\backend\routes\groups.js">
        <metrics statements="37" coveredstatements="37" conditionals="32" coveredconditionals="27" methods="8" coveredmethods="8"/>
        <line num="1" count="1" type="stmt"/>
        <line num="2" count="1" type="stmt"/>
        <line num="6" count="1" type="stmt"/>
        <line num="7" count="1" type="stmt"/>
        <line num="11" count="1" type="stmt"/>
        <line num="18" count="10" type="stmt"/>
        <line num="21" count="10" type="cond" truecount="5" falsecount="0"/>
        <line num="22" count="1" type="stmt"/>
        <line num="25" count="9" type="cond" truecount="5" falsecount="0"/>
        <line num="26" count="1" type="stmt"/>
        <line num="29" count="8" type="cond" truecount="2" falsecount="0"/>
        <line num="30" count="1" type="stmt"/>
        <line num="33" count="7" type="stmt"/>
        <line num="44" count="7" type="stmt"/>
        <line num="45" count="7" type="stmt"/>
        <line num="49" count="1" type="stmt"/>
        <line num="50" count="1" type="stmt"/>
        <line num="54" count="1" type="stmt"/>
        <line num="55" count="5" type="stmt"/>
        <line num="56" count="2" type="cond" truecount="2" falsecount="0"/>
        <line num="57" count="1" type="stmt"/>
        <line num="61" count="1" type="stmt"/>
        <line num="62" count="9" type="stmt"/>
        <line num="63" count="2" type="cond" truecount="2" falsecount="0"/>
        <line num="71" count="1" type="stmt"/>
        <line num="73" count="1" type="cond" truecount="1" falsecount="1"/>
        <line num="74" count="1" type="cond" truecount="1" falsecount="1"/>
        <line num="75" count="1" type="cond" truecount="1" falsecount="1"/>
        <line num="76" count="1" type="cond" truecount="1" falsecount="1"/>
        <line num="77" count="1" type="cond" truecount="1" falsecount="1"/>
        <line num="79" count="1" type="stmt"/>
        <line num="83" count="1" type="stmt"/>
        <line num="84" count="12" type="stmt"/>
        <line num="85" count="2" type="cond" truecount="2" falsecount="0"/>
        <line num="87" count="1" type="stmt"/>
        <line num="88" count="1" type="stmt"/>
        <line num="91" count="1" type="stmt"/>
      </file>
      <file name="invites.js" path="C:\Users\boitu\OneDrive - University of Witwatersrand\VS Code\Stokvel Management Platform\Stokvel-Management-Platform\backend\routes\invites.js">
        <metrics statements="30" coveredstatements="30" conditionals="22" coveredconditionals="22" methods="5" coveredmethods="5"/>
        <line num="1" count="1" type="stmt"/>
        <line num="2" count="1" type="stmt"/>
        <line num="5" count="1" type="stmt"/>
        <line num="6" count="1" type="stmt"/>
        <line num="10" count="1" type="stmt"/>
        <line num="11" count="9" type="stmt"/>
        <line num="14" count="9" type="cond" truecount="5" falsecount="0"/>
        <line num="15" count="1" type="stmt"/>
        <line num="18" count="8" type="stmt"/>
        <line num="19" count="8" type="cond" truecount="2" falsecount="0"/>
        <line num="20" count="1" type="stmt"/>
        <line num="23" count="7" type="cond" truecount="5" falsecount="0"/>
        <line num="24" count="1" type="stmt"/>
        <line num="27" count="6" type="stmt"/>
        <line num="28" count="6" type="cond" truecount="4" falsecount="0"/>
        <line num="29" count="1" type="stmt"/>
        <line num="33" count="7" type="stmt"/>
        <line num="34" count="5" type="cond" truecount="2" falsecount="0"/>
        <line num="35" count="1" type="stmt"/>
        <line num="38" count="4" type="stmt"/>
        <line num="48" count="4" type="stmt"/>
        <line num="49" count="4" type="stmt"/>
        <line num="53" count="1" type="stmt"/>
        <line num="54" count="1" type="stmt"/>
        <line num="58" count="1" type="stmt"/>
        <line num="59" count="6" type="stmt"/>
        <line num="60" count="2" type="cond" truecount="2" falsecount="0"/>
        <line num="62" count="1" type="stmt"/>
        <line num="63" count="1" type="stmt"/>
        <line num="66" count="1" type="stmt"/>
      </file>
    </package>
    <package name="frontend.js">
      <metrics statements="5" coveredstatements="5" conditionals="6" coveredconditionals="5" methods="1" coveredmethods="1"/>
      <file name="group-logic.js" path="C:\Users\boitu\OneDrive - University of Witwatersrand\VS Code\Stokvel Management Platform\Stokvel-Management-Platform\frontend\js\group-logic.js">
        <metrics statements="5" coveredstatements="5" conditionals="6" coveredconditionals="5" methods="1" coveredmethods="1"/>
        <line num="2" count="5" type="cond" truecount="2" falsecount="0"/>
        <line num="3" count="4" type="cond" truecount="2" falsecount="0"/>
        <line num="4" count="2" type="stmt"/>
        <line num="8" count="1" type="cond" truecount="1" falsecount="1"/>
        <line num="9" count="1" type="stmt"/>
      </file>
    </package>
  </project>
</coverage>
