{"C:\\Users\\boitu\\OneDrive - University of Witwatersrand\\VS Code\\Stokvel Management Platform\\Stokvel-Management-Platform\\backend\\server.js": {"path":"C:\\Users\\boitu\\OneDrive - University of Witwatersrand\\VS Code\\Stokvel Management Platform\\Stokvel-Management-Platform\\backend\\server.js","statementMap":{"0":{"start":{"line":1,"column":16},"end":{"line":1,"column":34}},"1":{"start":{"line":2,"column":13},"end":{"line":2,"column":28}},"2":{"start":{"line":3,"column":13},"end":{"line":3,"column":28}},"3":{"start":{"line":4,"column":0},"end":{"line":4,"column":27}},"4":{"start":{"line":6,"column":12},"end":{"line":6,"column":21}},"5":{"start":{"line":7,"column":13},"end":{"line":7,"column":37}},"6":{"start":{"line":9,"column":0},"end":{"line":9,"column":16}},"7":{"start":{"line":10,"column":0},"end":{"line":10,"column":24}},"8":{"start":{"line":13,"column":20},"end":{"line":13,"column":46}},"9":{"start":{"line":14,"column":21},"end":{"line":14,"column":48}},"10":{"start":{"line":16,"column":0},"end":{"line":16,"column":32}},"11":{"start":{"line":17,"column":0},"end":{"line":17,"column":34}},"12":{"start":{"line":19,"column":0},"end":{"line":21,"column":3}},"13":{"start":{"line":20,"column":2},"end":{"line":20,"column":49}},"14":{"start":{"line":23,"column":0},"end":{"line":23,"column":61}},"15":{"start":{"line":25,"column":0},"end":{"line":27,"column":3}},"16":{"start":{"line":26,"column":2},"end":{"line":26,"column":66}},"17":{"start":{"line":29,"column":0},"end":{"line":31,"column":1}},"18":{"start":{"line":30,"column":2},"end":{"line":30,"column":72}},"19":{"start":{"line":30,"column":25},"end":{"line":30,"column":70}},"20":{"start":{"line":33,"column":0},"end":{"line":33,"column":21}}},"fnMap":{"0":{"name":"(anonymous_0)","decl":{"start":{"line":19,"column":16},"end":{"line":19,"column":17}},"loc":{"start":{"line":19,"column":30},"end":{"line":21,"column":1}},"line":19},"1":{"name":"(anonymous_1)","decl":{"start":{"line":25,"column":20},"end":{"line":25,"column":21}},"loc":{"start":{"line":25,"column":34},"end":{"line":27,"column":1}},"line":25},"2":{"name":"(anonymous_2)","decl":{"start":{"line":30,"column":19},"end":{"line":30,"column":20}},"loc":{"start":{"line":30,"column":25},"end":{"line":30,"column":70}},"line":30}},"branchMap":{"0":{"loc":{"start":{"line":7,"column":13},"end":{"line":7,"column":37}},"type":"binary-expr","locations":[{"start":{"line":7,"column":13},"end":{"line":7,"column":29}},{"start":{"line":7,"column":33},"end":{"line":7,"column":37}}],"line":7},"1":{"loc":{"start":{"line":29,"column":0},"end":{"line":31,"column":1}},"type":"if","locations":[{"start":{"line":29,"column":0},"end":{"line":31,"column":1}},{"start":{},"end":{}}],"line":29}},"s":{"0":1,"1":1,"2":1,"3":1,"4":1,"5":1,"6":1,"7":1,"8":1,"9":1,"10":1,"11":1,"12":1,"13":0,"14":1,"15":1,"16":0,"17":1,"18":0,"19":0,"20":1},"f":{"0":0,"1":0,"2":0},"b":{"0":[1,1],"1":[0,1]},"_coverageSchema":"1a1c01bbd47fc00a2c39e90264f33305004495a9","hash":"6951a66ea7d63002811ceba73116cf0f57d343f9"}
,"C:\\Users\\boitu\\OneDrive - University of Witwatersrand\\VS Code\\Stokvel Management Platform\\Stokvel-Management-Platform\\backend\\routes\\groups.js": {"path":"C:\\Users\\boitu\\OneDrive - University of Witwatersrand\\VS Code\\Stokvel Management Platform\\Stokvel-Management-Platform\\backend\\routes\\groups.js","statementMap":{"0":{"start":{"line":1,"column":16},"end":{"line":1,"column":34}},"1":{"start":{"line":2,"column":15},"end":{"line":2,"column":31}},"2":{"start":{"line":6,"column":13},"end":{"line":6,"column":15}},"3":{"start":{"line":7,"column":13},"end":{"line":7,"column":14}},"4":{"start":{"line":11,"column":0},"end":{"line":46,"column":3}},"5":{"start":{"line":18,"column":6},"end":{"line":18,"column":14}},"6":{"start":{"line":21,"column":2},"end":{"line":23,"column":3}},"7":{"start":{"line":22,"column":4},"end":{"line":22,"column":69}},"8":{"start":{"line":25,"column":2},"end":{"line":27,"column":3}},"9":{"start":{"line":26,"column":4},"end":{"line":26,"column":86}},"10":{"start":{"line":29,"column":2},"end":{"line":31,"column":3}},"11":{"start":{"line":30,"column":4},"end":{"line":30,"column":76}},"12":{"start":{"line":33,"column":16},"end":{"line":42,"column":3}},"13":{"start":{"line":44,"column":2},"end":{"line":44,"column":21}},"14":{"start":{"line":45,"column":2},"end":{"line":45,"column":30}},"15":{"start":{"line":49,"column":0},"end":{"line":51,"column":3}},"16":{"start":{"line":50,"column":2},"end":{"line":50,"column":19}},"17":{"start":{"line":54,"column":0},"end":{"line":58,"column":3}},"18":{"start":{"line":55,"column":16},"end":{"line":55,"column":66}},"19":{"start":{"line":55,"column":33},"end":{"line":55,"column":65}},"20":{"start":{"line":56,"column":2},"end":{"line":56,"column":72}},"21":{"start":{"line":56,"column":14},"end":{"line":56,"column":72}},"22":{"start":{"line":57,"column":2},"end":{"line":57,"column":18}},"23":{"start":{"line":61,"column":0},"end":{"line":80,"column":3}},"24":{"start":{"line":62,"column":16},"end":{"line":62,"column":66}},"25":{"start":{"line":62,"column":33},"end":{"line":62,"column":65}},"26":{"start":{"line":63,"column":2},"end":{"line":63,"column":72}},"27":{"start":{"line":63,"column":14},"end":{"line":63,"column":72}},"28":{"start":{"line":71,"column":6},"end":{"line":71,"column":14}},"29":{"start":{"line":73,"column":2},"end":{"line":73,"column":37}},"30":{"start":{"line":73,"column":12},"end":{"line":73,"column":37}},"31":{"start":{"line":74,"column":2},"end":{"line":74,"column":83}},"32":{"start":{"line":74,"column":27},"end":{"line":74,"column":83}},"33":{"start":{"line":75,"column":2},"end":{"line":75,"column":54}},"34":{"start":{"line":75,"column":20},"end":{"line":75,"column":54}},"35":{"start":{"line":76,"column":2},"end":{"line":76,"column":69}},"36":{"start":{"line":76,"column":25},"end":{"line":76,"column":69}},"37":{"start":{"line":77,"column":2},"end":{"line":77,"column":78}},"38":{"start":{"line":77,"column":28},"end":{"line":77,"column":78}},"39":{"start":{"line":79,"column":2},"end":{"line":79,"column":18}},"40":{"start":{"line":83,"column":0},"end":{"line":89,"column":3}},"41":{"start":{"line":84,"column":16},"end":{"line":84,"column":71}},"42":{"start":{"line":84,"column":38},"end":{"line":84,"column":70}},"43":{"start":{"line":85,"column":2},"end":{"line":85,"column":78}},"44":{"start":{"line":85,"column":20},"end":{"line":85,"column":78}},"45":{"start":{"line":87,"column":2},"end":{"line":87,"column":26}},"46":{"start":{"line":88,"column":2},"end":{"line":88,"column":55}},"47":{"start":{"line":91,"column":0},"end":{"line":91,"column":24}}},"fnMap":{"0":{"name":"(anonymous_0)","decl":{"start":{"line":11,"column":17},"end":{"line":11,"column":18}},"loc":{"start":{"line":11,"column":37},"end":{"line":46,"column":1}},"line":11},"1":{"name":"(anonymous_1)","decl":{"start":{"line":49,"column":16},"end":{"line":49,"column":17}},"loc":{"start":{"line":49,"column":36},"end":{"line":51,"column":1}},"line":49},"2":{"name":"(anonymous_2)","decl":{"start":{"line":54,"column":19},"end":{"line":54,"column":20}},"loc":{"start":{"line":54,"column":39},"end":{"line":58,"column":1}},"line":54},"3":{"name":"(anonymous_3)","decl":{"start":{"line":55,"column":28},"end":{"line":55,"column":29}},"loc":{"start":{"line":55,"column":33},"end":{"line":55,"column":65}},"line":55},"4":{"name":"(anonymous_4)","decl":{"start":{"line":61,"column":21},"end":{"line":61,"column":22}},"loc":{"start":{"line":61,"column":41},"end":{"line":80,"column":1}},"line":61},"5":{"name":"(anonymous_5)","decl":{"start":{"line":62,"column":28},"end":{"line":62,"column":29}},"loc":{"start":{"line":62,"column":33},"end":{"line":62,"column":65}},"line":62},"6":{"name":"(anonymous_6)","decl":{"start":{"line":83,"column":22},"end":{"line":83,"column":23}},"loc":{"start":{"line":83,"column":42},"end":{"line":89,"column":1}},"line":83},"7":{"name":"(anonymous_7)","decl":{"start":{"line":84,"column":33},"end":{"line":84,"column":34}},"loc":{"start":{"line":84,"column":38},"end":{"line":84,"column":70}},"line":84}},"branchMap":{"0":{"loc":{"start":{"line":21,"column":2},"end":{"line":23,"column":3}},"type":"if","locations":[{"start":{"line":21,"column":2},"end":{"line":23,"column":3}},{"start":{},"end":{}}],"line":21},"1":{"loc":{"start":{"line":21,"column":6},"end":{"line":21,"column":61}},"type":"binary-expr","locations":[{"start":{"line":21,"column":6},"end":{"line":21,"column":11}},{"start":{"line":21,"column":15},"end":{"line":21,"column":39}},{"start":{"line":21,"column":43},"end":{"line":21,"column":61}}],"line":21},"2":{"loc":{"start":{"line":25,"column":2},"end":{"line":27,"column":3}},"type":"if","locations":[{"start":{"line":25,"column":2},"end":{"line":27,"column":3}},{"start":{},"end":{}}],"line":25},"3":{"loc":{"start":{"line":25,"column":6},"end":{"line":25,"column":92}},"type":"binary-expr","locations":[{"start":{"line":25,"column":6},"end":{"line":25,"column":26}},{"start":{"line":25,"column":30},"end":{"line":25,"column":56}},{"start":{"line":25,"column":60},"end":{"line":25,"column":92}}],"line":25},"4":{"loc":{"start":{"line":29,"column":2},"end":{"line":31,"column":3}},"type":"if","locations":[{"start":{"line":29,"column":2},"end":{"line":31,"column":3}},{"start":{},"end":{}}],"line":29},"5":{"loc":{"start":{"line":37,"column":18},"end":{"line":37,"column":47}},"type":"binary-expr","locations":[{"start":{"line":37,"column":18},"end":{"line":37,"column":30}},{"start":{"line":37,"column":34},"end":{"line":37,"column":47}}],"line":37},"6":{"loc":{"start":{"line":39,"column":26},"end":{"line":39,"column":68}},"type":"binary-expr","locations":[{"start":{"line":39,"column":26},"end":{"line":39,"column":46}},{"start":{"line":39,"column":50},"end":{"line":39,"column":68}}],"line":39},"7":{"loc":{"start":{"line":56,"column":2},"end":{"line":56,"column":72}},"type":"if","locations":[{"start":{"line":56,"column":2},"end":{"line":56,"column":72}},{"start":{},"end":{}}],"line":56},"8":{"loc":{"start":{"line":63,"column":2},"end":{"line":63,"column":72}},"type":"if","locations":[{"start":{"line":63,"column":2},"end":{"line":63,"column":72}},{"start":{},"end":{}}],"line":63},"9":{"loc":{"start":{"line":73,"column":2},"end":{"line":73,"column":37}},"type":"if","locations":[{"start":{"line":73,"column":2},"end":{"line":73,"column":37}},{"start":{},"end":{}}],"line":73},"10":{"loc":{"start":{"line":74,"column":2},"end":{"line":74,"column":83}},"type":"if","locations":[{"start":{"line":74,"column":2},"end":{"line":74,"column":83}},{"start":{},"end":{}}],"line":74},"11":{"loc":{"start":{"line":75,"column":2},"end":{"line":75,"column":54}},"type":"if","locations":[{"start":{"line":75,"column":2},"end":{"line":75,"column":54}},{"start":{},"end":{}}],"line":75},"12":{"loc":{"start":{"line":76,"column":2},"end":{"line":76,"column":69}},"type":"if","locations":[{"start":{"line":76,"column":2},"end":{"line":76,"column":69}},{"start":{},"end":{}}],"line":76},"13":{"loc":{"start":{"line":77,"column":2},"end":{"line":77,"column":78}},"type":"if","locations":[{"start":{"line":77,"column":2},"end":{"line":77,"column":78}},{"start":{},"end":{}}],"line":77},"14":{"loc":{"start":{"line":85,"column":2},"end":{"line":85,"column":78}},"type":"if","locations":[{"start":{"line":85,"column":2},"end":{"line":85,"column":78}},{"start":{},"end":{}}],"line":85}},"s":{"0":1,"1":1,"2":1,"3":1,"4":1,"5":10,"6":10,"7":1,"8":9,"9":1,"10":8,"11":1,"12":7,"13":7,"14":7,"15":1,"16":1,"17":1,"18":2,"19":5,"20":2,"21":1,"22":1,"23":1,"24":2,"25":9,"26":2,"27":1,"28":1,"29":1,"30":1,"31":1,"32":1,"33":1,"34":0,"35":1,"36":0,"37":1,"38":0,"39":1,"40":1,"41":2,"42":12,"43":2,"44":1,"45":1,"46":1,"47":1},"f":{"0":10,"1":1,"2":2,"3":5,"4":2,"5":9,"6":2,"7":12},"b":{"0":[1,9],"1":[10,9,9],"2":[1,8],"3":[9,8,8],"4":[1,7],"5":[7,6],"6":[7,7],"7":[1,1],"8":[1,1],"9":[1,0],"10":[1,0],"11":[0,1],"12":[0,1],"13":[0,1],"14":[1,1]},"_coverageSchema":"1a1c01bbd47fc00a2c39e90264f33305004495a9","hash":"defcb13d8d91051fe50bdfa10d57486ec9ed5d86"}
,"C:\\Users\\boitu\\OneDrive - University of Witwatersrand\\VS Code\\Stokvel Management Platform\\Stokvel-Management-Platform\\backend\\routes\\invites.js": {"path":"C:\\Users\\boitu\\OneDrive - University of Witwatersrand\\VS Code\\Stokvel Management Platform\\Stokvel-Management-Platform\\backend\\routes\\invites.js","statementMap":{"0":{"start":{"line":1,"column":16},"end":{"line":1,"column":34}},"1":{"start":{"line":2,"column":15},"end":{"line":2,"column":31}},"2":{"start":{"line":5,"column":14},"end":{"line":5,"column":16}},"3":{"start":{"line":6,"column":13},"end":{"line":6,"column":14}},"4":{"start":{"line":10,"column":0},"end":{"line":50,"column":3}},"5":{"start":{"line":11,"column":42},"end":{"line":11,"column":50}},"6":{"start":{"line":14,"column":2},"end":{"line":16,"column":3}},"7":{"start":{"line":15,"column":4},"end":{"line":15,"column":64}},"8":{"start":{"line":18,"column":21},"end":{"line":18,"column":49}},"9":{"start":{"line":19,"column":2},"end":{"line":21,"column":3}},"10":{"start":{"line":20,"column":4},"end":{"line":20,"column":80}},"11":{"start":{"line":23,"column":2},"end":{"line":25,"column":3}},"12":{"start":{"line":24,"column":4},"end":{"line":24,"column":63}},"13":{"start":{"line":27,"column":21},"end":{"line":27,"column":53}},"14":{"start":{"line":28,"column":2},"end":{"line":30,"column":3}},"15":{"start":{"line":29,"column":4},"end":{"line":29,"column":86}},"16":{"start":{"line":33,"column":19},"end":{"line":33,"column":76}},"17":{"start":{"line":33,"column":37},"end":{"line":33,"column":75}},"18":{"start":{"line":34,"column":2},"end":{"line":36,"column":3}},"19":{"start":{"line":35,"column":4},"end":{"line":35,"column":92}},"20":{"start":{"line":38,"column":17},"end":{"line":46,"column":3}},"21":{"start":{"line":48,"column":2},"end":{"line":48,"column":23}},"22":{"start":{"line":49,"column":2},"end":{"line":49,"column":31}},"23":{"start":{"line":53,"column":0},"end":{"line":55,"column":3}},"24":{"start":{"line":54,"column":2},"end":{"line":54,"column":20}},"25":{"start":{"line":58,"column":0},"end":{"line":64,"column":3}},"26":{"start":{"line":59,"column":16},"end":{"line":59,"column":72}},"27":{"start":{"line":59,"column":39},"end":{"line":59,"column":71}},"28":{"start":{"line":60,"column":2},"end":{"line":60,"column":79}},"29":{"start":{"line":60,"column":20},"end":{"line":60,"column":79}},"30":{"start":{"line":62,"column":2},"end":{"line":62,"column":27}},"31":{"start":{"line":63,"column":2},"end":{"line":63,"column":57}},"32":{"start":{"line":66,"column":0},"end":{"line":66,"column":24}}},"fnMap":{"0":{"name":"(anonymous_0)","decl":{"start":{"line":10,"column":17},"end":{"line":10,"column":18}},"loc":{"start":{"line":10,"column":37},"end":{"line":50,"column":1}},"line":10},"1":{"name":"(anonymous_1)","decl":{"start":{"line":33,"column":32},"end":{"line":33,"column":33}},"loc":{"start":{"line":33,"column":37},"end":{"line":33,"column":75}},"line":33},"2":{"name":"(anonymous_2)","decl":{"start":{"line":53,"column":16},"end":{"line":53,"column":17}},"loc":{"start":{"line":53,"column":36},"end":{"line":55,"column":1}},"line":53},"3":{"name":"(anonymous_3)","decl":{"start":{"line":58,"column":22},"end":{"line":58,"column":23}},"loc":{"start":{"line":58,"column":42},"end":{"line":64,"column":1}},"line":58},"4":{"name":"(anonymous_4)","decl":{"start":{"line":59,"column":34},"end":{"line":59,"column":35}},"loc":{"start":{"line":59,"column":39},"end":{"line":59,"column":71}},"line":59}},"branchMap":{"0":{"loc":{"start":{"line":14,"column":2},"end":{"line":16,"column":3}},"type":"if","locations":[{"start":{"line":14,"column":2},"end":{"line":16,"column":3}},{"start":{},"end":{}}],"line":14},"1":{"loc":{"start":{"line":14,"column":6},"end":{"line":14,"column":64}},"type":"binary-expr","locations":[{"start":{"line":14,"column":6},"end":{"line":14,"column":12}},{"start":{"line":14,"column":16},"end":{"line":14,"column":41}},{"start":{"line":14,"column":45},"end":{"line":14,"column":64}}],"line":14},"2":{"loc":{"start":{"line":19,"column":2},"end":{"line":21,"column":3}},"type":"if","locations":[{"start":{"line":19,"column":2},"end":{"line":21,"column":3}},{"start":{},"end":{}}],"line":19},"3":{"loc":{"start":{"line":23,"column":2},"end":{"line":25,"column":3}},"type":"if","locations":[{"start":{"line":23,"column":2},"end":{"line":25,"column":3}},{"start":{},"end":{}}],"line":23},"4":{"loc":{"start":{"line":23,"column":6},"end":{"line":23,"column":61}},"type":"binary-expr","locations":[{"start":{"line":23,"column":6},"end":{"line":23,"column":11}},{"start":{"line":23,"column":15},"end":{"line":23,"column":39}},{"start":{"line":23,"column":43},"end":{"line":23,"column":61}}],"line":23},"5":{"loc":{"start":{"line":28,"column":2},"end":{"line":30,"column":3}},"type":"if","locations":[{"start":{"line":28,"column":2},"end":{"line":30,"column":3}},{"start":{},"end":{}}],"line":28},"6":{"loc":{"start":{"line":28,"column":6},"end":{"line":28,"column":41}},"type":"binary-expr","locations":[{"start":{"line":28,"column":6},"end":{"line":28,"column":11}},{"start":{"line":28,"column":15},"end":{"line":28,"column":41}}],"line":28},"7":{"loc":{"start":{"line":34,"column":2},"end":{"line":36,"column":3}},"type":"if","locations":[{"start":{"line":34,"column":2},"end":{"line":36,"column":3}},{"start":{},"end":{}}],"line":34},"8":{"loc":{"start":{"line":43,"column":14},"end":{"line":43,"column":30}},"type":"binary-expr","locations":[{"start":{"line":43,"column":14},"end":{"line":43,"column":22}},{"start":{"line":43,"column":26},"end":{"line":43,"column":30}}],"line":43},"9":{"loc":{"start":{"line":60,"column":2},"end":{"line":60,"column":79}},"type":"if","locations":[{"start":{"line":60,"column":2},"end":{"line":60,"column":79}},{"start":{},"end":{}}],"line":60}},"s":{"0":1,"1":1,"2":1,"3":1,"4":1,"5":9,"6":9,"7":1,"8":8,"9":8,"10":1,"11":7,"12":1,"13":6,"14":6,"15":1,"16":5,"17":7,"18":5,"19":1,"20":4,"21":4,"22":4,"23":1,"24":1,"25":1,"26":2,"27":6,"28":2,"29":1,"30":1,"31":1,"32":1},"f":{"0":9,"1":7,"2":1,"3":2,"4":6},"b":{"0":[1,8],"1":[9,8,8],"2":[1,7],"3":[1,6],"4":[7,6,6],"5":[1,5],"6":[6,6],"7":[1,4],"8":[4,4],"9":[1,1]},"_coverageSchema":"1a1c01bbd47fc00a2c39e90264f33305004495a9","hash":"3a22a432b60ef9c37b60b2ada9e872f8e883eac8"}
,"C:\\Users\\boitu\\OneDrive - University of Witwatersrand\\VS Code\\Stokvel Management Platform\\Stokvel-Management-Platform\\frontend\\js\\group-logic.js": {"path":"C:\\Users\\boitu\\OneDrive - University of Witwatersrand\\VS Code\\Stokvel Management Platform\\Stokvel-Management-Platform\\frontend\\js\\group-logic.js","statementMap":{"0":{"start":{"line":2,"column":4},"end":{"line":2,"column":49}},"1":{"start":{"line":2,"column":25},"end":{"line":2,"column":49}},"2":{"start":{"line":3,"column":4},"end":{"line":3,"column":54}},"3":{"start":{"line":3,"column":21},"end":{"line":3,"column":54}},"4":{"start":{"line":4,"column":4},"end":{"line":4,"column":19}},"5":{"start":{"line":8,"column":0},"end":{"line":10,"column":1}},"6":{"start":{"line":9,"column":4},"end":{"line":9,"column":39}}},"fnMap":{"0":{"name":"validateGroup","decl":{"start":{"line":1,"column":9},"end":{"line":1,"column":22}},"loc":{"start":{"line":1,"column":37},"end":{"line":5,"column":1}},"line":1}},"branchMap":{"0":{"loc":{"start":{"line":2,"column":4},"end":{"line":2,"column":49}},"type":"if","locations":[{"start":{"line":2,"column":4},"end":{"line":2,"column":49}},{"start":{},"end":{}}],"line":2},"1":{"loc":{"start":{"line":3,"column":4},"end":{"line":3,"column":54}},"type":"if","locations":[{"start":{"line":3,"column":4},"end":{"line":3,"column":54}},{"start":{},"end":{}}],"line":3},"2":{"loc":{"start":{"line":8,"column":0},"end":{"line":10,"column":1}},"type":"if","locations":[{"start":{"line":8,"column":0},"end":{"line":10,"column":1}},{"start":{},"end":{}}],"line":8}},"s":{"0":5,"1":1,"2":4,"3":2,"4":2,"5":1,"6":1},"f":{"0":5},"b":{"0":[1,4],"1":[2,2],"2":[1,0]},"_coverageSchema":"1a1c01bbd47fc00a2c39e90264f33305004495a9","hash":"c6130216eacc4d5d1240c5396aeee91dd63255ba"}
}
